<?xml version="1.0" encoding="UTF-8"?>
<!-- Generated by org.testng.reporters.JUnitXMLReporter -->
<testsuite ignored="0" hostname="Rafia" failures="0" tests="6" name="TutorialsNinja Tests" time="41.389" errors="0" timestamp="28 Apr 2023 00:23:44 GMT">
  <testcase classname="com.tutorials.ninja.qa.testcases.LoginTest" name="verifyLoginUsingValidCredentials" time="0.999"/>
  <testcase classname="com.tutorials.ninja.qa.testcases.LoginTest" name="verifyLoginUsingValidCredentials" time="0.986"/>
  <testcase classname="com.tutorials.ninja.qa.testcases.LoginTest" name="verifyLoginUsingValidCredentials" time="1.082"/>
  <testcase classname="com.tutorials.ninja.qa.testcases.LoginTest" name="verifyLoginUsingValidCredentials" time="0.96"/>
  <testcase classname="com.tutorials.ninja.qa.testcases.RegisterTest" name="verifyRegisterAnAccountWithOnlyMandatoryFields" time="1.391"/>
  <testcase classname="com.tutorials.ninja.qa.testcases.SearchProductTest" name="verifySearchBoxIsClickable" time="0.037"/>
</testsuite> <!-- TutorialsNinja Tests -->
