<?xml version="1.0" encoding="UTF-8"?>
<!-- Generated by org.testng.reporters.JUnitXMLReporter -->
<testsuite ignored="29" hostname="Rafia" failures="0" tests="1" name="Default test" time="7.215" errors="0" timestamp="2023-04-18T02:04:11 EDT">
  <testcase classname="com.tutorials.ninja.qa.testcases.RegisterTest" name="verifyCopyAndPasteWorksOnRegisterPage" time="0.219"/>
  <testcase classname="com.tutorials.ninja.qa.testcases.RegisterTest" name="verifyRegisterSubscribedNo" time="0.0">
    <ignored/>
  </testcase> <!-- verifyRegisterSubscribedNo -->
  <testcase classname="com.tutorials.ninja.qa.testcases.RegisterTest" name="verifyRegisterAnAccountWithMandatoryFields" time="0.0">
    <ignored/>
  </testcase> <!-- verifyRegisterAnAccountWithMandatoryFields -->
  <testcase classname="com.tutorials.ninja.qa.testcases.RegisterTest" name="verifyNavigateBACKcommandInRegisterPage" time="0.0">
    <ignored/>
  </testcase> <!-- verifyNavigateBACKcommandInRegisterPage -->
  <testcase classname="com.tutorials.ninja.qa.testcases.RegisterTest" name="verifyRegisterUsingMoreThan32NumbersForTelePhoneNumber" time="0.0">
    <ignored/>
  </testcase> <!-- verifyRegisterUsingMoreThan32NumbersForTelePhoneNumber -->
  <testcase classname="com.tutorials.ninja.qa.testcases.RegisterTest" name="verifyRegisterUsingLessThan3NumbersForTelePhoneNumber" time="0.0">
    <ignored/>
  </testcase> <!-- verifyRegisterUsingLessThan3NumbersForTelePhoneNumber -->
  <testcase classname="com.tutorials.ninja.qa.testcases.RegisterTest" name="verifyRegisterUptoPassword" time="0.0">
    <ignored/>
  </testcase> <!-- verifyRegisterUptoPassword -->
  <testcase classname="com.tutorials.ninja.qa.testcases.RegisterTest" name="verifyRegisterAnAccountWithoutFillingAnything" time="0.0">
    <ignored/>
  </testcase> <!-- verifyRegisterAnAccountWithoutFillingAnything -->
  <testcase classname="com.tutorials.ninja.qa.testcases.RegisterTest" name="verifyRegisterUsingExistingEmail" time="0.0">
    <ignored/>
  </testcase> <!-- verifyRegisterUsingExistingEmail -->
  <testcase classname="com.tutorials.ninja.qa.testcases.RegisterTest" name="verifyRegisterUsingLessThan4CharactersForPassword" time="0.0">
    <ignored/>
  </testcase> <!-- verifyRegisterUsingLessThan4CharactersForPassword -->
  <testcase classname="com.tutorials.ninja.qa.testcases.RegisterTest" name="verifyRegisteringUsingTheTABKeyOfKeyBoard" time="0.0">
    <ignored/>
  </testcase> <!-- verifyRegisteringUsingTheTABKeyOfKeyBoard -->
  <testcase classname="com.tutorials.ninja.qa.testcases.RegisterTest" name="verifyRegisterUptoEmail" time="0.0">
    <ignored/>
  </testcase> <!-- verifyRegisterUptoEmail -->
  <testcase classname="com.tutorials.ninja.qa.testcases.RegisterTest" name="verifyProperLogoutAfterRegistration" time="0.0">
    <ignored/>
  </testcase> <!-- verifyProperLogoutAfterRegistration -->
  <testcase classname="com.tutorials.ninja.qa.testcases.RegisterTest" name="verifyRegisterSubscribedYes" time="0.0">
    <ignored/>
  </testcase> <!-- verifyRegisterSubscribedYes -->
  <testcase classname="com.tutorials.ninja.qa.testcases.RegisterTest" name="verifyNavigationREFRESHcommandInRegisterPage" time="0.0">
    <ignored/>
  </testcase> <!-- verifyNavigationREFRESHcommandInRegisterPage -->
  <testcase classname="com.tutorials.ninja.qa.testcases.RegisterTest" name="verifyRegisterWithoutCheckingPrivacyPolicy" time="0.0">
    <ignored/>
  </testcase> <!-- verifyRegisterWithoutCheckingPrivacyPolicy -->
  <testcase classname="com.tutorials.ninja.qa.testcases.RegisterTest" name="verifyRegisterUptoTelePhoneNumber" time="0.0">
    <ignored/>
  </testcase> <!-- verifyRegisterUptoTelePhoneNumber -->
  <testcase classname="com.tutorials.ninja.qa.testcases.RegisterTest" name="verifyRegisterUsingMoreThan20CharactersForPassword" time="0.0">
    <ignored/>
  </testcase> <!-- verifyRegisterUsingMoreThan20CharactersForPassword -->
  <testcase classname="com.tutorials.ninja.qa.testcases.RegisterTest" name="verifyRegisterAnAccountByProvidingAllFields" time="0.0">
    <ignored/>
  </testcase> <!-- verifyRegisterAnAccountByProvidingAllFields -->
  <testcase classname="com.tutorials.ninja.qa.testcases.RegisterTest" name="verifyRegisterUsingMoreThan32CharactersForFirstName" time="0.0">
    <ignored/>
  </testcase> <!-- verifyRegisterUsingMoreThan32CharactersForFirstName -->
  <testcase classname="com.tutorials.ninja.qa.testcases.RegisterTest" name="verifyNavigationFORWARDcommandInRegisterPage" time="0.0">
    <ignored/>
  </testcase> <!-- verifyNavigationFORWARDcommandInRegisterPage -->
  <testcase classname="com.tutorials.ninja.qa.testcases.RegisterTest" name="verifyRegisterByEnteringDifferentPasswordForThePasswordFields" time="0.0">
    <ignored/>
  </testcase> <!-- verifyRegisterByEnteringDifferentPasswordForThePasswordFields -->
  <testcase classname="com.tutorials.ninja.qa.testcases.RegisterTest" name="verifyRegisterWithOnlyFirstAndLastName" time="0.0">
    <ignored/>
  </testcase> <!-- verifyRegisterWithOnlyFirstAndLastName -->
  <testcase classname="com.tutorials.ninja.qa.testcases.RegisterTest" name="verifyNavigateTOcommandInRegisterPage" time="0.0">
    <ignored/>
  </testcase> <!-- verifyNavigateTOcommandInRegisterPage -->
  <testcase classname="com.tutorials.ninja.qa.testcases.RegisterTest" name="verifyRegisterUsingMoreThan32CharactersForLastName" time="0.0">
    <ignored/>
  </testcase> <!-- verifyRegisterUsingMoreThan32CharactersForLastName -->
  <testcase classname="com.tutorials.ninja.qa.testcases.RegisterTest" name="verifyRegisterWithOnlyFirstName" time="0.0">
    <ignored/>
  </testcase> <!-- verifyRegisterWithOnlyFirstName -->
  <testcase classname="com.tutorials.ninja.qa.testcases.RegisterTest" name="verifyENTERKeyOfKeyboardWorksOnRegistrationPage" time="0.0">
    <ignored/>
  </testcase> <!-- verifyENTERKeyOfKeyboardWorksOnRegistrationPage -->
  <testcase classname="com.tutorials.ninja.qa.testcases.RegisterTest" name="verifyLoginAfterRegistration" time="0.0">
    <ignored/>
  </testcase> <!-- verifyLoginAfterRegistration -->
  <testcase classname="com.tutorials.ninja.qa.testcases.RegisterTest" name="verifyOpeningOfRegisterPageInANewTab" time="0.0">
    <ignored/>
  </testcase> <!-- verifyOpeningOfRegisterPageInANewTab -->
  <testcase classname="com.tutorials.ninja.qa.testcases.RegisterTest" name="verifyOpeningOfRegisterPageInANewWindow" time="0.0">
    <ignored/>
  </testcase> <!-- verifyOpeningOfRegisterPageInANewWindow -->
</testsuite> <!-- Default test -->
