<?xml version="1.0" encoding="UTF-8"?>
<!-- Generated by org.testng.reporters.JUnitXMLReporter -->
<testsuite ignored="0" hostname="Rafia" failures="0" tests="38" name="Default test" time="234.157" errors="0" timestamp="28 Apr 2023 00:53:17 GMT">
  <testcase classname="com.tutorials.ninja.qa.testcases.SearchProductTest" name="verifySearchBoxIsClickable" time="0.044"/>
  <testcase classname="com.tutorials.ninja.qa.testcases.SearchProductTest" name="verifySearchWithExistingProductName" time="0.717"/>
  <testcase classname="com.tutorials.ninja.qa.testcases.SearchProductTest" name="verifySearchWithANonExistingProductName" time="0.526"/>
  <testcase classname="com.tutorials.ninja.qa.testcases.SearchProductTest" name="verifySearchWithoutProvidingAnything" time="0.453"/>
  <testcase classname="com.tutorials.ninja.qa.testcases.SearchProductTest" name="verifySearchProductAfterLogin" time="2.333"/>
  <testcase classname="com.tutorials.ninja.qa.testcases.SearchProductTest" name="verifyProperLogoutAfterSearchingForProduct" time="3.168"/>
  <testcase classname="com.tutorials.ninja.qa.testcases.SearchProductTest" name="verifyCorrectResultsAreDisplayedAfterASearch" time="0.708"/>
  <testcase classname="com.tutorials.ninja.qa.testcases.SearchProductTest" name="verifySearchWithSpecialCharacter" time="0.501"/>
  <testcase classname="com.tutorials.ninja.qa.testcases.SearchProductTest" name="verifySearchWhenTheSearchTermIsMisspelled" time="0.684"/>
  <testcase classname="com.tutorials.ninja.qa.testcases.SearchProductTest" name="verifySearchByProvidingASearchCriteriaThatResultsInMultipleProducts" time="0.808"/>
  <testcase classname="com.tutorials.ninja.qa.testcases.SearchProductTest" name="verifySearchWithExtraSpacesBetweenLetters" time="0.819"/>
  <testcase classname="com.tutorials.ninja.qa.testcases.SearchProductTest" name="verifySearchWithAllUppercase" time="0.826"/>
  <testcase classname="com.tutorials.ninja.qa.testcases.SearchProductTest" name="verifySearchWithAllLowercase" time="0.788"/>
  <testcase classname="com.tutorials.ninja.qa.testcases.SearchProductTest" name="verifySearchWithMixedUppercaseAndlowercase" time="0.823"/>
  <testcase classname="com.tutorials.ninja.qa.testcases.SearchProductTest" name="verifySearchingForProductAfterLogout" time="3.059"/>
  <testcase classname="com.tutorials.ninja.qa.testcases.SearchProductTest" name="verifySearchingForProductUsingTheENTERkey" time="0.739"/>
  <testcase classname="com.tutorials.ninja.qa.testcases.SearchProductTest" name="verifyWorkingOfTABkeyWhenLookingForProducts" time="6.318"/>
  <testcase classname="com.tutorials.ninja.qa.testcases.SearchProductTest" name="verifyClickingOnDesktopsLink" time="0.09"/>
  <testcase classname="com.tutorials.ninja.qa.testcases.SearchProductTest" name="verifyClickingOnLaptopsAndNotebooksLink" time="0.077"/>
  <testcase classname="com.tutorials.ninja.qa.testcases.SearchProductTest" name="verifyClickingOnComponentsLink" time="0.18"/>
  <testcase classname="com.tutorials.ninja.qa.testcases.SearchProductTest" name="verifyClickingOnTabletsLink" time="0.694"/>
  <testcase classname="com.tutorials.ninja.qa.testcases.SearchProductTest" name="verifyClickingOnSoftwareLink" time="0.695"/>
  <testcase classname="com.tutorials.ninja.qa.testcases.SearchProductTest" name="verifyClickingOnPhonesAndPDAsLink" time="0.791"/>
  <testcase classname="com.tutorials.ninja.qa.testcases.SearchProductTest" name="verifyClickingOnCamerasLink" time="0.696"/>
  <testcase classname="com.tutorials.ninja.qa.testcases.SearchProductTest" name="verifyClickingOnMP3PlayersLink" time="0.09"/>
  <testcase classname="com.tutorials.ninja.qa.testcases.SearchProductTest" name="verifyClickingOnDesktopsSublinkPC" time="2.77"/>
  <testcase classname="com.tutorials.ninja.qa.testcases.SearchProductTest" name="verifyClickingOnDesktopsSublinkMac" time="0.666"/>
  <testcase classname="com.tutorials.ninja.qa.testcases.SearchProductTest" name="verifyClickingOnDesktopsSublinkShowAllDesktops" time="1.111"/>
  <testcase classname="com.tutorials.ninja.qa.testcases.SearchProductTest" name="verifyClickingOnLaptopsAndNotebooksSublinkMacs" time="0.856"/>
  <testcase classname="com.tutorials.ninja.qa.testcases.SearchProductTest" name="verifyClickingOnLaptopsAndNotebooksSublinkWindows" time="0.775"/>
  <testcase classname="com.tutorials.ninja.qa.testcases.SearchProductTest" name="verifyClickingOnLaptopsAndNotebooksSublinkShowAll" time="0.787"/>
  <testcase classname="com.tutorials.ninja.qa.testcases.SearchProductTest" name="verifyClickingOnComponentsSublinkMiceAndTrackballs" time="0.84"/>
  <testcase classname="com.tutorials.ninja.qa.testcases.SearchProductTest" name="verifyClickingOnComponentsSublinkMonitor" time="0.863"/>
  <testcase classname="com.tutorials.ninja.qa.testcases.SearchProductTest" name="verifyClickingOnComponentsSublinkPrinters" time="0.806"/>
  <testcase classname="com.tutorials.ninja.qa.testcases.SearchProductTest" name="verifyClickingOnComponentsSublinkScanners" time="0.809"/>
  <testcase classname="com.tutorials.ninja.qa.testcases.SearchProductTest" name="verifyClickingOnComponentsSublinkWebCameras" time="0.779"/>
  <testcase classname="com.tutorials.ninja.qa.testcases.SearchProductTest" name="verifyClickingOnComponentsSublinkShowAllComponents" time="0.802"/>
  <testcase classname="com.tutorials.ninja.qa.testcases.SearchProductTest" name="verifyClickingOnMP3PlayersSublinkShowAllMP3Players" time="0.844"/>
</testsuite> <!-- Default test -->
