<?xml version="1.0" encoding="UTF-8"?>
<testng-results ignored="0" total="93" passed="57" failed="9" skipped="27">
  <reporter-output>
  </reporter-output>
  <suite started-at="2023-04-25T18:22:27 EDT" name="TutorialsNinja Automation Suite" finished-at="2023-04-25T18:28:57 EDT" duration-ms="390398">
    <groups>
    </groups>
    <test started-at="2023-04-25T18:22:27 EDT" name="TutorialsNinja Tests" finished-at="2023-04-25T18:28:57 EDT" duration-ms="390398">
      <class name="com.tutorials.ninja.qa.testcases.SearchProductTest">
        <test-method is-config="true" signature="setUp()[pri:0, instance:com.tutorials.ninja.qa.testcases.SearchProductTest@35841320]" started-at="2023-04-25T18:25:22 EDT" name="setUp" finished-at="2023-04-25T18:25:26 EDT" duration-ms="4428" status="PASS">
          <reporter-output>
          </reporter-output>
        </test-method> <!-- setUp -->
        <test-method signature="verifySearchBoxIsClickable()[pri:1, instance:com.tutorials.ninja.qa.testcases.SearchProductTest@35841320]" started-at="2023-04-25T18:25:26 EDT" name="verifySearchBoxIsClickable" finished-at="2023-04-25T18:25:27 EDT" duration-ms="35" status="PASS">
          <reporter-output>
          </reporter-output>
        </test-method> <!-- verifySearchBoxIsClickable -->
        <test-method is-config="true" signature="tearDown()[pri:0, instance:com.tutorials.ninja.qa.testcases.SearchProductTest@35841320]" started-at="2023-04-25T18:25:27 EDT" name="tearDown" finished-at="2023-04-25T18:25:27 EDT" duration-ms="124" status="PASS">
          <reporter-output>
          </reporter-output>
        </test-method> <!-- tearDown -->
        <test-method is-config="true" signature="setUp()[pri:0, instance:com.tutorials.ninja.qa.testcases.SearchProductTest@35841320]" started-at="2023-04-25T18:25:27 EDT" name="setUp" finished-at="2023-04-25T18:25:31 EDT" duration-ms="4383" status="PASS">
          <reporter-output>
          </reporter-output>
        </test-method> <!-- setUp -->
        <test-method signature="verifySearchWithExistingProductName()[pri:2, instance:com.tutorials.ninja.qa.testcases.SearchProductTest@35841320]" started-at="2023-04-25T18:25:31 EDT" name="verifySearchWithExistingProductName" finished-at="2023-04-25T18:25:32 EDT" duration-ms="653" status="PASS">
          <reporter-output>
          </reporter-output>
        </test-method> <!-- verifySearchWithExistingProductName -->
        <test-method is-config="true" signature="tearDown()[pri:0, instance:com.tutorials.ninja.qa.testcases.SearchProductTest@35841320]" started-at="2023-04-25T18:25:32 EDT" name="tearDown" finished-at="2023-04-25T18:25:32 EDT" duration-ms="134" status="PASS">
          <reporter-output>
          </reporter-output>
        </test-method> <!-- tearDown -->
        <test-method is-config="true" signature="setUp()[pri:0, instance:com.tutorials.ninja.qa.testcases.SearchProductTest@35841320]" started-at="2023-04-25T18:25:32 EDT" name="setUp" finished-at="2023-04-25T18:25:36 EDT" duration-ms="4369" status="PASS">
          <reporter-output>
          </reporter-output>
        </test-method> <!-- setUp -->
        <test-method signature="verifySearchWithANonExistingProductName()[pri:3, instance:com.tutorials.ninja.qa.testcases.SearchProductTest@35841320]" started-at="2023-04-25T18:25:36 EDT" name="verifySearchWithANonExistingProductName" finished-at="2023-04-25T18:25:37 EDT" duration-ms="463" status="PASS">
          <reporter-output>
          </reporter-output>
        </test-method> <!-- verifySearchWithANonExistingProductName -->
        <test-method is-config="true" signature="tearDown()[pri:0, instance:com.tutorials.ninja.qa.testcases.SearchProductTest@35841320]" started-at="2023-04-25T18:25:37 EDT" name="tearDown" finished-at="2023-04-25T18:25:37 EDT" duration-ms="135" status="PASS">
          <reporter-output>
          </reporter-output>
        </test-method> <!-- tearDown -->
        <test-method is-config="true" signature="setUp()[pri:0, instance:com.tutorials.ninja.qa.testcases.SearchProductTest@35841320]" started-at="2023-04-25T18:25:37 EDT" name="setUp" finished-at="2023-04-25T18:25:41 EDT" duration-ms="4309" status="PASS">
          <reporter-output>
          </reporter-output>
        </test-method> <!-- setUp -->
        <test-method signature="verifySearchWithoutProvidingAnything()[pri:4, instance:com.tutorials.ninja.qa.testcases.SearchProductTest@35841320]" started-at="2023-04-25T18:25:41 EDT" name="verifySearchWithoutProvidingAnything" finished-at="2023-04-25T18:25:42 EDT" duration-ms="437" status="PASS">
          <reporter-output>
          </reporter-output>
        </test-method> <!-- verifySearchWithoutProvidingAnything -->
        <test-method is-config="true" signature="tearDown()[pri:0, instance:com.tutorials.ninja.qa.testcases.SearchProductTest@35841320]" started-at="2023-04-25T18:25:42 EDT" name="tearDown" finished-at="2023-04-25T18:25:42 EDT" duration-ms="119" status="PASS">
          <reporter-output>
          </reporter-output>
        </test-method> <!-- tearDown -->
        <test-method is-config="true" signature="setUp()[pri:0, instance:com.tutorials.ninja.qa.testcases.SearchProductTest@35841320]" started-at="2023-04-25T18:25:42 EDT" name="setUp" finished-at="2023-04-25T18:25:46 EDT" duration-ms="4292" status="PASS">
          <reporter-output>
          </reporter-output>
        </test-method> <!-- setUp -->
        <test-method signature="verifySearchProductAfterLogin()[pri:5, instance:com.tutorials.ninja.qa.testcases.SearchProductTest@35841320]" started-at="2023-04-25T18:25:46 EDT" name="verifySearchProductAfterLogin" finished-at="2023-04-25T18:25:48 EDT" duration-ms="1939" status="PASS">
          <reporter-output>
          </reporter-output>
        </test-method> <!-- verifySearchProductAfterLogin -->
        <test-method is-config="true" signature="tearDown()[pri:0, instance:com.tutorials.ninja.qa.testcases.SearchProductTest@35841320]" started-at="2023-04-25T18:25:48 EDT" name="tearDown" finished-at="2023-04-25T18:25:48 EDT" duration-ms="151" status="PASS">
          <reporter-output>
          </reporter-output>
        </test-method> <!-- tearDown -->
        <test-method is-config="true" signature="setUp()[pri:0, instance:com.tutorials.ninja.qa.testcases.SearchProductTest@35841320]" started-at="2023-04-25T18:25:48 EDT" name="setUp" finished-at="2023-04-25T18:25:52 EDT" duration-ms="4421" status="PASS">
          <reporter-output>
          </reporter-output>
        </test-method> <!-- setUp -->
        <test-method signature="verifyProperLogoutAfterSearchingForProduct()[pri:6, instance:com.tutorials.ninja.qa.testcases.SearchProductTest@35841320]" started-at="2023-04-25T18:25:52 EDT" name="verifyProperLogoutAfterSearchingForProduct" finished-at="2023-04-25T18:25:55 EDT" duration-ms="2619" status="PASS">
          <reporter-output>
          </reporter-output>
        </test-method> <!-- verifyProperLogoutAfterSearchingForProduct -->
        <test-method is-config="true" signature="tearDown()[pri:0, instance:com.tutorials.ninja.qa.testcases.SearchProductTest@35841320]" started-at="2023-04-25T18:25:55 EDT" name="tearDown" finished-at="2023-04-25T18:25:55 EDT" duration-ms="122" status="PASS">
          <reporter-output>
          </reporter-output>
        </test-method> <!-- tearDown -->
        <test-method is-config="true" signature="setUp()[pri:0, instance:com.tutorials.ninja.qa.testcases.SearchProductTest@35841320]" started-at="2023-04-25T18:25:55 EDT" name="setUp" finished-at="2023-04-25T18:26:00 EDT" duration-ms="4356" status="PASS">
          <reporter-output>
          </reporter-output>
        </test-method> <!-- setUp -->
        <test-method signature="verifyCorrectResultsAreDisplayedAfterASearch()[pri:7, instance:com.tutorials.ninja.qa.testcases.SearchProductTest@35841320]" started-at="2023-04-25T18:26:00 EDT" name="verifyCorrectResultsAreDisplayedAfterASearch" finished-at="2023-04-25T18:26:00 EDT" duration-ms="644" status="PASS">
          <reporter-output>
          </reporter-output>
        </test-method> <!-- verifyCorrectResultsAreDisplayedAfterASearch -->
        <test-method is-config="true" signature="tearDown()[pri:0, instance:com.tutorials.ninja.qa.testcases.SearchProductTest@35841320]" started-at="2023-04-25T18:26:00 EDT" name="tearDown" finished-at="2023-04-25T18:26:00 EDT" duration-ms="106" status="PASS">
          <reporter-output>
          </reporter-output>
        </test-method> <!-- tearDown -->
        <test-method is-config="true" signature="setUp()[pri:0, instance:com.tutorials.ninja.qa.testcases.SearchProductTest@35841320]" started-at="2023-04-25T18:26:00 EDT" name="setUp" finished-at="2023-04-25T18:26:05 EDT" duration-ms="4458" status="PASS">
          <reporter-output>
          </reporter-output>
        </test-method> <!-- setUp -->
        <test-method signature="verifySearchWithSpecialCharacter()[pri:8, instance:com.tutorials.ninja.qa.testcases.SearchProductTest@35841320]" started-at="2023-04-25T18:26:05 EDT" name="verifySearchWithSpecialCharacter" finished-at="2023-04-25T18:26:05 EDT" duration-ms="441" status="PASS">
          <reporter-output>
          </reporter-output>
        </test-method> <!-- verifySearchWithSpecialCharacter -->
        <test-method is-config="true" signature="tearDown()[pri:0, instance:com.tutorials.ninja.qa.testcases.SearchProductTest@35841320]" started-at="2023-04-25T18:26:05 EDT" name="tearDown" finished-at="2023-04-25T18:26:05 EDT" duration-ms="163" status="PASS">
          <reporter-output>
          </reporter-output>
        </test-method> <!-- tearDown -->
        <test-method is-config="true" signature="setUp()[pri:0, instance:com.tutorials.ninja.qa.testcases.SearchProductTest@35841320]" started-at="2023-04-25T18:26:05 EDT" name="setUp" finished-at="2023-04-25T18:26:10 EDT" duration-ms="4262" status="PASS">
          <reporter-output>
          </reporter-output>
        </test-method> <!-- setUp -->
        <test-method signature="verifySearchWhenTheSearchTermIsMisspelled()[pri:9, instance:com.tutorials.ninja.qa.testcases.SearchProductTest@35841320]" started-at="2023-04-25T18:26:10 EDT" name="verifySearchWhenTheSearchTermIsMisspelled" finished-at="2023-04-25T18:26:10 EDT" duration-ms="649" status="PASS">
          <reporter-output>
          </reporter-output>
        </test-method> <!-- verifySearchWhenTheSearchTermIsMisspelled -->
        <test-method is-config="true" signature="tearDown()[pri:0, instance:com.tutorials.ninja.qa.testcases.SearchProductTest@35841320]" started-at="2023-04-25T18:26:10 EDT" name="tearDown" finished-at="2023-04-25T18:26:10 EDT" duration-ms="134" status="PASS">
          <reporter-output>
          </reporter-output>
        </test-method> <!-- tearDown -->
        <test-method is-config="true" signature="setUp()[pri:0, instance:com.tutorials.ninja.qa.testcases.SearchProductTest@35841320]" started-at="2023-04-25T18:26:10 EDT" name="setUp" finished-at="2023-04-25T18:26:15 EDT" duration-ms="4214" status="PASS">
          <reporter-output>
          </reporter-output>
        </test-method> <!-- setUp -->
        <test-method signature="verifySearchByProvidingASearchCriteriaThatResultsInMultipleProducts()[pri:10, instance:com.tutorials.ninja.qa.testcases.SearchProductTest@35841320]" started-at="2023-04-25T18:26:15 EDT" name="verifySearchByProvidingASearchCriteriaThatResultsInMultipleProducts" finished-at="2023-04-25T18:26:15 EDT" duration-ms="666" status="PASS">
          <reporter-output>
          </reporter-output>
        </test-method> <!-- verifySearchByProvidingASearchCriteriaThatResultsInMultipleProducts -->
        <test-method is-config="true" signature="tearDown()[pri:0, instance:com.tutorials.ninja.qa.testcases.SearchProductTest@35841320]" started-at="2023-04-25T18:26:15 EDT" name="tearDown" finished-at="2023-04-25T18:26:15 EDT" duration-ms="131" status="PASS">
          <reporter-output>
          </reporter-output>
        </test-method> <!-- tearDown -->
        <test-method is-config="true" signature="setUp()[pri:0, instance:com.tutorials.ninja.qa.testcases.SearchProductTest@35841320]" started-at="2023-04-25T18:26:15 EDT" name="setUp" finished-at="2023-04-25T18:26:20 EDT" duration-ms="4138" status="PASS">
          <reporter-output>
          </reporter-output>
        </test-method> <!-- setUp -->
        <test-method signature="verifySearchWithExtraSpacesBetweenLetters()[pri:11, instance:com.tutorials.ninja.qa.testcases.SearchProductTest@35841320]" started-at="2023-04-25T18:26:20 EDT" name="verifySearchWithExtraSpacesBetweenLetters" finished-at="2023-04-25T18:26:20 EDT" duration-ms="774" status="PASS">
          <reporter-output>
          </reporter-output>
        </test-method> <!-- verifySearchWithExtraSpacesBetweenLetters -->
        <test-method is-config="true" signature="tearDown()[pri:0, instance:com.tutorials.ninja.qa.testcases.SearchProductTest@35841320]" started-at="2023-04-25T18:26:20 EDT" name="tearDown" finished-at="2023-04-25T18:26:20 EDT" duration-ms="116" status="PASS">
          <reporter-output>
          </reporter-output>
        </test-method> <!-- tearDown -->
        <test-method is-config="true" signature="setUp()[pri:0, instance:com.tutorials.ninja.qa.testcases.SearchProductTest@35841320]" started-at="2023-04-25T18:26:20 EDT" name="setUp" finished-at="2023-04-25T18:26:25 EDT" duration-ms="4310" status="PASS">
          <reporter-output>
          </reporter-output>
        </test-method> <!-- setUp -->
        <test-method signature="verifySearchWithAllUppercase()[pri:12, instance:com.tutorials.ninja.qa.testcases.SearchProductTest@35841320]" started-at="2023-04-25T18:26:25 EDT" name="verifySearchWithAllUppercase" finished-at="2023-04-25T18:26:25 EDT" duration-ms="640" status="PASS">
          <reporter-output>
          </reporter-output>
        </test-method> <!-- verifySearchWithAllUppercase -->
        <test-method is-config="true" signature="tearDown()[pri:0, instance:com.tutorials.ninja.qa.testcases.SearchProductTest@35841320]" started-at="2023-04-25T18:26:25 EDT" name="tearDown" finished-at="2023-04-25T18:26:26 EDT" duration-ms="130" status="PASS">
          <reporter-output>
          </reporter-output>
        </test-method> <!-- tearDown -->
        <test-method is-config="true" signature="setUp()[pri:0, instance:com.tutorials.ninja.qa.testcases.SearchProductTest@35841320]" started-at="2023-04-25T18:26:26 EDT" name="setUp" finished-at="2023-04-25T18:26:30 EDT" duration-ms="4437" status="PASS">
          <reporter-output>
          </reporter-output>
        </test-method> <!-- setUp -->
        <test-method signature="verifySearchWithAllLowercase()[pri:13, instance:com.tutorials.ninja.qa.testcases.SearchProductTest@35841320]" started-at="2023-04-25T18:26:30 EDT" name="verifySearchWithAllLowercase" finished-at="2023-04-25T18:26:40 EDT" duration-ms="10096" status="FAIL">
          <exception class="org.openqa.selenium.TimeoutException">
            <message>
              <![CDATA[timeout: Timed out receiving message from renderer: 10.000
  (Session info: chrome=112.0.5615.87)
Build info: version: '4.7.2', revision: '4d4020c3b7'
System info: os.name: 'Windows 11', os.arch: 'amd64', os.version: '10.0', java.version: '17.0.5'
Driver info: org.openqa.selenium.chrome.ChromeDriver
Command: [d95dd3912932d8f9b5416fca99ec9205, clickElement {id=1d30f45a-1e3a-4803-b6b2-bdb4c181573e}]
Capabilities {acceptInsecureCerts: false, browserName: chrome, browserVersion: 112.0.5615.87, chrome: {chromedriverVersion: 112.0.5615.49 (bd2a7bcb881c..., userDataDir: C:\Users\RAFIAS~1\AppData\L...}, goog:chromeOptions: {debuggerAddress: localhost:56948}, networkConnectionEnabled: false, pageLoadStrategy: normal, platformName: WINDOWS, proxy: Proxy(), se:cdp: ws://localhost:56948/devtoo..., se:cdpVersion: 112.0.5615.87, setWindowRect: true, strictFileInteractability: false, timeouts: {implicit: 0, pageLoad: 300000, script: 30000}, unhandledPromptBehavior: dismiss and notify, webauthn:extension:credBlob: true, webauthn:extension:largeBlob: true, webauthn:extension:minPinLength: true, webauthn:extension:prf: true, webauthn:virtualAuthenticators: true}
Element: [[ChromeDriver: chrome on WINDOWS (d95dd3912932d8f9b5416fca99ec9205)] -> css selector: .fa.fa-search]
Session ID: d95dd3912932d8f9b5416fca99ec9205]]>
            </message>
            <full-stacktrace>
              <![CDATA[org.openqa.selenium.TimeoutException: timeout: Timed out receiving message from renderer: 10.000
  (Session info: chrome=112.0.5615.87)
Build info: version: '4.7.2', revision: '4d4020c3b7'
System info: os.name: 'Windows 11', os.arch: 'amd64', os.version: '10.0', java.version: '17.0.5'
Driver info: org.openqa.selenium.chrome.ChromeDriver
Command: [d95dd3912932d8f9b5416fca99ec9205, clickElement {id=1d30f45a-1e3a-4803-b6b2-bdb4c181573e}]
Capabilities {acceptInsecureCerts: false, browserName: chrome, browserVersion: 112.0.5615.87, chrome: {chromedriverVersion: 112.0.5615.49 (bd2a7bcb881c..., userDataDir: C:\Users\RAFIAS~1\AppData\L...}, goog:chromeOptions: {debuggerAddress: localhost:56948}, networkConnectionEnabled: false, pageLoadStrategy: normal, platformName: WINDOWS, proxy: Proxy(), se:cdp: ws://localhost:56948/devtoo..., se:cdpVersion: 112.0.5615.87, setWindowRect: true, strictFileInteractability: false, timeouts: {implicit: 0, pageLoad: 300000, script: 30000}, unhandledPromptBehavior: dismiss and notify, webauthn:extension:credBlob: true, webauthn:extension:largeBlob: true, webauthn:extension:minPinLength: true, webauthn:extension:prf: true, webauthn:virtualAuthenticators: true}
Element: [[ChromeDriver: chrome on WINDOWS (d95dd3912932d8f9b5416fca99ec9205)] -> css selector: .fa.fa-search]
Session ID: d95dd3912932d8f9b5416fca99ec9205
at java.base/jdk.internal.reflect.NativeConstructorAccessorImpl.newInstance0(Native Method)
at java.base/jdk.internal.reflect.NativeConstructorAccessorImpl.newInstance(NativeConstructorAccessorImpl.java:77)
at java.base/jdk.internal.reflect.DelegatingConstructorAccessorImpl.newInstance(DelegatingConstructorAccessorImpl.java:45)
at java.base/java.lang.reflect.Constructor.newInstanceWithCaller(Constructor.java:499)
at java.base/java.lang.reflect.Constructor.newInstance(Constructor.java:480)
at org.openqa.selenium.remote.codec.w3c.W3CHttpResponseCodec.createException(W3CHttpResponseCodec.java:200)
at org.openqa.selenium.remote.codec.w3c.W3CHttpResponseCodec.decode(W3CHttpResponseCodec.java:133)
at org.openqa.selenium.remote.codec.w3c.W3CHttpResponseCodec.decode(W3CHttpResponseCodec.java:53)
at org.openqa.selenium.remote.HttpCommandExecutor.execute(HttpCommandExecutor.java:184)
at org.openqa.selenium.remote.service.DriverCommandExecutor.invokeExecute(DriverCommandExecutor.java:167)
at org.openqa.selenium.remote.service.DriverCommandExecutor.execute(DriverCommandExecutor.java:142)
at org.openqa.selenium.remote.RemoteWebDriver.execute(RemoteWebDriver.java:535)
at org.openqa.selenium.remote.RemoteWebElement.execute(RemoteWebElement.java:257)
at org.openqa.selenium.remote.RemoteWebElement.click(RemoteWebElement.java:78)
at jdk.internal.reflect.GeneratedMethodAccessor1.invoke(Unknown Source)
at java.base/jdk.internal.reflect.DelegatingMethodAccessorImpl.invoke(DelegatingMethodAccessorImpl.java:43)
at java.base/java.lang.reflect.Method.invoke(Method.java:568)
at org.openqa.selenium.support.pagefactory.internal.LocatingElementHandler.invoke(LocatingElementHandler.java:52)
at jdk.proxy2/jdk.proxy2.$Proxy18.click(Unknown Source)
at com.tutorials.ninja.qa.testpages.SearchPage.clickOnSubmitButton(SearchPage.java:175)
at com.tutorials.ninja.qa.testcases.SearchProductTest.verifySearchWithAllLowercase(SearchProductTest.java:230)
at java.base/jdk.internal.reflect.NativeMethodAccessorImpl.invoke0(Native Method)
at java.base/jdk.internal.reflect.NativeMethodAccessorImpl.invoke(NativeMethodAccessorImpl.java:77)
at java.base/jdk.internal.reflect.DelegatingMethodAccessorImpl.invoke(DelegatingMethodAccessorImpl.java:43)
at java.base/java.lang.reflect.Method.invoke(Method.java:568)
at org.testng.internal.invokers.MethodInvocationHelper.invokeMethod(MethodInvocationHelper.java:139)
at org.testng.internal.invokers.TestInvoker.invokeMethod(TestInvoker.java:677)
at org.testng.internal.invokers.TestInvoker.invokeTestMethod(TestInvoker.java:221)
at org.testng.internal.invokers.MethodRunner.runInSequence(MethodRunner.java:50)
at org.testng.internal.invokers.TestInvoker$MethodInvocationAgent.invoke(TestInvoker.java:969)
at org.testng.internal.invokers.TestInvoker.invokeTestMethods(TestInvoker.java:194)
at org.testng.internal.invokers.TestMethodWorker.invokeTestMethods(TestMethodWorker.java:148)
at org.testng.internal.invokers.TestMethodWorker.run(TestMethodWorker.java:128)
at java.base/java.util.ArrayList.forEach(ArrayList.java:1511)
at org.testng.TestRunner.privateRun(TestRunner.java:829)
at org.testng.TestRunner.run(TestRunner.java:602)
at org.testng.SuiteRunner.runTest(SuiteRunner.java:437)
at org.testng.SuiteRunner.runSequentially(SuiteRunner.java:431)
at org.testng.SuiteRunner.privateRun(SuiteRunner.java:391)
at org.testng.SuiteRunner.run(SuiteRunner.java:330)
at org.testng.SuiteRunnerWorker.runSuite(SuiteRunnerWorker.java:52)
at org.testng.SuiteRunnerWorker.run(SuiteRunnerWorker.java:95)
at org.testng.TestNG.runSuitesSequentially(TestNG.java:1256)
at org.testng.TestNG.runSuitesLocally(TestNG.java:1176)
at org.testng.TestNG.runSuites(TestNG.java:1099)
at org.testng.TestNG.run(TestNG.java:1067)
at org.testng.remote.AbstractRemoteTestNG.run(AbstractRemoteTestNG.java:115)
at org.testng.remote.RemoteTestNG.initAndRun(RemoteTestNG.java:251)
at org.testng.remote.RemoteTestNG.main(RemoteTestNG.java:77)
]]>
            </full-stacktrace>
          </exception> <!-- org.openqa.selenium.TimeoutException -->
          <reporter-output>
          </reporter-output>
        </test-method> <!-- verifySearchWithAllLowercase -->
        <test-method is-config="true" signature="tearDown()[pri:0, instance:com.tutorials.ninja.qa.testcases.SearchProductTest@35841320]" started-at="2023-04-25T18:26:40 EDT" name="tearDown" finished-at="2023-04-25T18:26:40 EDT" duration-ms="123" status="PASS">
          <reporter-output>
          </reporter-output>
        </test-method> <!-- tearDown -->
        <test-method is-config="true" signature="setUp()[pri:0, instance:com.tutorials.ninja.qa.testcases.SearchProductTest@35841320]" started-at="2023-04-25T18:26:40 EDT" name="setUp" finished-at="2023-04-25T18:26:45 EDT" duration-ms="4542" status="PASS">
          <reporter-output>
          </reporter-output>
        </test-method> <!-- setUp -->
        <test-method signature="verifySearchWithMixedUppercaseAndlowercase()[pri:14, instance:com.tutorials.ninja.qa.testcases.SearchProductTest@35841320]" started-at="2023-04-25T18:26:45 EDT" name="verifySearchWithMixedUppercaseAndlowercase" finished-at="2023-04-25T18:26:45 EDT" duration-ms="672" status="PASS">
          <reporter-output>
          </reporter-output>
        </test-method> <!-- verifySearchWithMixedUppercaseAndlowercase -->
        <test-method is-config="true" signature="tearDown()[pri:0, instance:com.tutorials.ninja.qa.testcases.SearchProductTest@35841320]" started-at="2023-04-25T18:26:45 EDT" name="tearDown" finished-at="2023-04-25T18:26:46 EDT" duration-ms="128" status="PASS">
          <reporter-output>
          </reporter-output>
        </test-method> <!-- tearDown -->
        <test-method is-config="true" signature="setUp()[pri:0, instance:com.tutorials.ninja.qa.testcases.SearchProductTest@35841320]" started-at="2023-04-25T18:26:46 EDT" name="setUp" finished-at="2023-04-25T18:26:50 EDT" duration-ms="4501" status="PASS">
          <reporter-output>
          </reporter-output>
        </test-method> <!-- setUp -->
        <test-method signature="verifySearchingForProductAfterLogout()[pri:15, instance:com.tutorials.ninja.qa.testcases.SearchProductTest@35841320]" started-at="2023-04-25T18:26:50 EDT" name="verifySearchingForProductAfterLogout" finished-at="2023-04-25T18:26:53 EDT" duration-ms="2634" status="PASS">
          <reporter-output>
          </reporter-output>
        </test-method> <!-- verifySearchingForProductAfterLogout -->
        <test-method is-config="true" signature="tearDown()[pri:0, instance:com.tutorials.ninja.qa.testcases.SearchProductTest@35841320]" started-at="2023-04-25T18:26:53 EDT" name="tearDown" finished-at="2023-04-25T18:26:53 EDT" duration-ms="112" status="PASS">
          <reporter-output>
          </reporter-output>
        </test-method> <!-- tearDown -->
        <test-method is-config="true" signature="setUp()[pri:0, instance:com.tutorials.ninja.qa.testcases.SearchProductTest@35841320]" started-at="2023-04-25T18:26:53 EDT" name="setUp" finished-at="2023-04-25T18:26:57 EDT" duration-ms="4301" status="PASS">
          <reporter-output>
          </reporter-output>
        </test-method> <!-- setUp -->
        <test-method signature="verifySearchingForProductUsingTheENTERkey()[pri:16, instance:com.tutorials.ninja.qa.testcases.SearchProductTest@35841320]" started-at="2023-04-25T18:26:57 EDT" name="verifySearchingForProductUsingTheENTERkey" finished-at="2023-04-25T18:26:58 EDT" duration-ms="639" status="PASS">
          <reporter-output>
          </reporter-output>
        </test-method> <!-- verifySearchingForProductUsingTheENTERkey -->
        <test-method is-config="true" signature="tearDown()[pri:0, instance:com.tutorials.ninja.qa.testcases.SearchProductTest@35841320]" started-at="2023-04-25T18:26:58 EDT" name="tearDown" finished-at="2023-04-25T18:26:58 EDT" duration-ms="117" status="PASS">
          <reporter-output>
          </reporter-output>
        </test-method> <!-- tearDown -->
        <test-method is-config="true" signature="setUp()[pri:0, instance:com.tutorials.ninja.qa.testcases.SearchProductTest@35841320]" started-at="2023-04-25T18:26:58 EDT" name="setUp" finished-at="2023-04-25T18:27:02 EDT" duration-ms="4348" status="PASS">
          <reporter-output>
          </reporter-output>
        </test-method> <!-- setUp -->
        <test-method signature="verifyWorkingOfTABkeyWhenLookingForProducts()[pri:17, instance:com.tutorials.ninja.qa.testcases.SearchProductTest@35841320]" started-at="2023-04-25T18:27:02 EDT" name="verifyWorkingOfTABkeyWhenLookingForProducts" finished-at="2023-04-25T18:27:08 EDT" duration-ms="6010" status="PASS">
          <reporter-output>
          </reporter-output>
        </test-method> <!-- verifyWorkingOfTABkeyWhenLookingForProducts -->
        <test-method is-config="true" signature="tearDown()[pri:0, instance:com.tutorials.ninja.qa.testcases.SearchProductTest@35841320]" started-at="2023-04-25T18:27:08 EDT" name="tearDown" finished-at="2023-04-25T18:27:08 EDT" duration-ms="176" status="PASS">
          <reporter-output>
          </reporter-output>
        </test-method> <!-- tearDown -->
        <test-method is-config="true" signature="setUp()[pri:0, instance:com.tutorials.ninja.qa.testcases.SearchProductTest@35841320]" started-at="2023-04-25T18:27:08 EDT" name="setUp" finished-at="2023-04-25T18:27:13 EDT" duration-ms="4408" status="PASS">
          <reporter-output>
          </reporter-output>
        </test-method> <!-- setUp -->
        <test-method signature="verifyClickingOnDesktopsLink()[pri:18, instance:com.tutorials.ninja.qa.testcases.SearchProductTest@35841320]" started-at="2023-04-25T18:27:13 EDT" name="verifyClickingOnDesktopsLink" finished-at="2023-04-25T18:27:13 EDT" duration-ms="71" status="PASS">
          <reporter-output>
          </reporter-output>
        </test-method> <!-- verifyClickingOnDesktopsLink -->
        <test-method is-config="true" signature="tearDown()[pri:0, instance:com.tutorials.ninja.qa.testcases.SearchProductTest@35841320]" started-at="2023-04-25T18:27:13 EDT" name="tearDown" finished-at="2023-04-25T18:27:13 EDT" duration-ms="119" status="PASS">
          <reporter-output>
          </reporter-output>
        </test-method> <!-- tearDown -->
        <test-method is-config="true" signature="setUp()[pri:0, instance:com.tutorials.ninja.qa.testcases.SearchProductTest@35841320]" started-at="2023-04-25T18:27:13 EDT" name="setUp" finished-at="2023-04-25T18:27:17 EDT" duration-ms="4228" status="PASS">
          <reporter-output>
          </reporter-output>
        </test-method> <!-- setUp -->
        <test-method signature="verifyClickingOnLaptopsAndNotebooksLink()[pri:19, instance:com.tutorials.ninja.qa.testcases.SearchProductTest@35841320]" started-at="2023-04-25T18:27:17 EDT" name="verifyClickingOnLaptopsAndNotebooksLink" finished-at="2023-04-25T18:27:17 EDT" duration-ms="71" status="PASS">
          <reporter-output>
          </reporter-output>
        </test-method> <!-- verifyClickingOnLaptopsAndNotebooksLink -->
        <test-method is-config="true" signature="tearDown()[pri:0, instance:com.tutorials.ninja.qa.testcases.SearchProductTest@35841320]" started-at="2023-04-25T18:27:17 EDT" name="tearDown" finished-at="2023-04-25T18:27:17 EDT" duration-ms="126" status="PASS">
          <reporter-output>
          </reporter-output>
        </test-method> <!-- tearDown -->
        <test-method is-config="true" signature="setUp()[pri:0, instance:com.tutorials.ninja.qa.testcases.SearchProductTest@35841320]" started-at="2023-04-25T18:27:17 EDT" name="setUp" finished-at="2023-04-25T18:27:22 EDT" duration-ms="4438" status="PASS">
          <reporter-output>
          </reporter-output>
        </test-method> <!-- setUp -->
        <test-method signature="verifyClickingOnComponentsLink()[pri:20, instance:com.tutorials.ninja.qa.testcases.SearchProductTest@35841320]" started-at="2023-04-25T18:27:22 EDT" name="verifyClickingOnComponentsLink" finished-at="2023-04-25T18:27:22 EDT" duration-ms="77" status="PASS">
          <reporter-output>
          </reporter-output>
        </test-method> <!-- verifyClickingOnComponentsLink -->
        <test-method is-config="true" signature="tearDown()[pri:0, instance:com.tutorials.ninja.qa.testcases.SearchProductTest@35841320]" started-at="2023-04-25T18:27:22 EDT" name="tearDown" finished-at="2023-04-25T18:27:22 EDT" duration-ms="117" status="PASS">
          <reporter-output>
          </reporter-output>
        </test-method> <!-- tearDown -->
        <test-method is-config="true" signature="setUp()[pri:0, instance:com.tutorials.ninja.qa.testcases.SearchProductTest@35841320]" started-at="2023-04-25T18:27:22 EDT" name="setUp" finished-at="2023-04-25T18:27:26 EDT" duration-ms="4348" status="PASS">
          <reporter-output>
          </reporter-output>
        </test-method> <!-- setUp -->
        <test-method signature="verifyClickingOnTabletsLink()[pri:21, instance:com.tutorials.ninja.qa.testcases.SearchProductTest@35841320]" started-at="2023-04-25T18:27:26 EDT" name="verifyClickingOnTabletsLink" finished-at="2023-04-25T18:27:27 EDT" duration-ms="628" status="PASS">
          <reporter-output>
          </reporter-output>
        </test-method> <!-- verifyClickingOnTabletsLink -->
        <test-method is-config="true" signature="tearDown()[pri:0, instance:com.tutorials.ninja.qa.testcases.SearchProductTest@35841320]" started-at="2023-04-25T18:27:27 EDT" name="tearDown" finished-at="2023-04-25T18:27:27 EDT" duration-ms="103" status="PASS">
          <reporter-output>
          </reporter-output>
        </test-method> <!-- tearDown -->
        <test-method is-config="true" signature="setUp()[pri:0, instance:com.tutorials.ninja.qa.testcases.SearchProductTest@35841320]" started-at="2023-04-25T18:27:27 EDT" name="setUp" finished-at="2023-04-25T18:27:31 EDT" duration-ms="4255" status="PASS">
          <reporter-output>
          </reporter-output>
        </test-method> <!-- setUp -->
        <test-method signature="verifyClickingOnSoftwareLink()[pri:22, instance:com.tutorials.ninja.qa.testcases.SearchProductTest@35841320]" started-at="2023-04-25T18:27:31 EDT" name="verifyClickingOnSoftwareLink" finished-at="2023-04-25T18:27:32 EDT" duration-ms="614" status="PASS">
          <reporter-output>
          </reporter-output>
        </test-method> <!-- verifyClickingOnSoftwareLink -->
        <test-method is-config="true" signature="tearDown()[pri:0, instance:com.tutorials.ninja.qa.testcases.SearchProductTest@35841320]" started-at="2023-04-25T18:27:32 EDT" name="tearDown" finished-at="2023-04-25T18:27:32 EDT" duration-ms="145" status="PASS">
          <reporter-output>
          </reporter-output>
        </test-method> <!-- tearDown -->
        <test-method is-config="true" signature="setUp()[pri:0, instance:com.tutorials.ninja.qa.testcases.SearchProductTest@35841320]" started-at="2023-04-25T18:27:32 EDT" name="setUp" finished-at="2023-04-25T18:27:37 EDT" duration-ms="4531" status="PASS">
          <reporter-output>
          </reporter-output>
        </test-method> <!-- setUp -->
        <test-method signature="verifyClickingOnPhonesAndPDAsLink()[pri:23, instance:com.tutorials.ninja.qa.testcases.SearchProductTest@35841320]" started-at="2023-04-25T18:27:37 EDT" name="verifyClickingOnPhonesAndPDAsLink" finished-at="2023-04-25T18:27:37 EDT" duration-ms="652" status="PASS">
          <reporter-output>
          </reporter-output>
        </test-method> <!-- verifyClickingOnPhonesAndPDAsLink -->
        <test-method is-config="true" signature="tearDown()[pri:0, instance:com.tutorials.ninja.qa.testcases.SearchProductTest@35841320]" started-at="2023-04-25T18:27:37 EDT" name="tearDown" finished-at="2023-04-25T18:27:37 EDT" duration-ms="111" status="PASS">
          <reporter-output>
          </reporter-output>
        </test-method> <!-- tearDown -->
        <test-method is-config="true" signature="setUp()[pri:0, instance:com.tutorials.ninja.qa.testcases.SearchProductTest@35841320]" started-at="2023-04-25T18:27:37 EDT" name="setUp" finished-at="2023-04-25T18:27:41 EDT" duration-ms="3932" status="PASS">
          <reporter-output>
          </reporter-output>
        </test-method> <!-- setUp -->
        <test-method signature="verifyClickingOnCamerasLink()[pri:24, instance:com.tutorials.ninja.qa.testcases.SearchProductTest@35841320]" started-at="2023-04-25T18:27:41 EDT" name="verifyClickingOnCamerasLink" finished-at="2023-04-25T18:27:42 EDT" duration-ms="657" status="PASS">
          <reporter-output>
          </reporter-output>
        </test-method> <!-- verifyClickingOnCamerasLink -->
        <test-method is-config="true" signature="tearDown()[pri:0, instance:com.tutorials.ninja.qa.testcases.SearchProductTest@35841320]" started-at="2023-04-25T18:27:42 EDT" name="tearDown" finished-at="2023-04-25T18:27:42 EDT" duration-ms="110" status="PASS">
          <reporter-output>
          </reporter-output>
        </test-method> <!-- tearDown -->
        <test-method is-config="true" signature="setUp()[pri:0, instance:com.tutorials.ninja.qa.testcases.SearchProductTest@35841320]" started-at="2023-04-25T18:27:42 EDT" name="setUp" finished-at="2023-04-25T18:27:46 EDT" duration-ms="4398" status="PASS">
          <reporter-output>
          </reporter-output>
        </test-method> <!-- setUp -->
        <test-method signature="verifyClickingOnMP3PlayersLink()[pri:25, instance:com.tutorials.ninja.qa.testcases.SearchProductTest@35841320]" started-at="2023-04-25T18:27:46 EDT" name="verifyClickingOnMP3PlayersLink" finished-at="2023-04-25T18:27:47 EDT" duration-ms="78" status="PASS">
          <reporter-output>
          </reporter-output>
        </test-method> <!-- verifyClickingOnMP3PlayersLink -->
        <test-method is-config="true" signature="tearDown()[pri:0, instance:com.tutorials.ninja.qa.testcases.SearchProductTest@35841320]" started-at="2023-04-25T18:27:47 EDT" name="tearDown" finished-at="2023-04-25T18:27:47 EDT" duration-ms="114" status="PASS">
          <reporter-output>
          </reporter-output>
        </test-method> <!-- tearDown -->
        <test-method is-config="true" signature="setUp()[pri:0, instance:com.tutorials.ninja.qa.testcases.SearchProductTest@35841320]" started-at="2023-04-25T18:27:47 EDT" name="setUp" finished-at="2023-04-25T18:27:51 EDT" duration-ms="4401" status="PASS">
          <reporter-output>
          </reporter-output>
        </test-method> <!-- setUp -->
        <test-method signature="verifyClickingOnDesktopsSublinkPC()[pri:26, instance:com.tutorials.ninja.qa.testcases.SearchProductTest@35841320]" started-at="2023-04-25T18:27:51 EDT" name="verifyClickingOnDesktopsSublinkPC" finished-at="2023-04-25T18:27:54 EDT" duration-ms="2663" status="PASS">
          <reporter-output>
          </reporter-output>
        </test-method> <!-- verifyClickingOnDesktopsSublinkPC -->
        <test-method is-config="true" signature="tearDown()[pri:0, instance:com.tutorials.ninja.qa.testcases.SearchProductTest@35841320]" started-at="2023-04-25T18:27:54 EDT" name="tearDown" finished-at="2023-04-25T18:27:54 EDT" duration-ms="162" status="PASS">
          <reporter-output>
          </reporter-output>
        </test-method> <!-- tearDown -->
        <test-method is-config="true" signature="setUp()[pri:0, instance:com.tutorials.ninja.qa.testcases.SearchProductTest@35841320]" started-at="2023-04-25T18:27:54 EDT" name="setUp" finished-at="2023-04-25T18:27:58 EDT" duration-ms="4387" status="PASS">
          <reporter-output>
          </reporter-output>
        </test-method> <!-- setUp -->
        <test-method signature="verifyClickingOnDesktopsSublinkMac()[pri:27, instance:com.tutorials.ninja.qa.testcases.SearchProductTest@35841320]" started-at="2023-04-25T18:27:58 EDT" name="verifyClickingOnDesktopsSublinkMac" finished-at="2023-04-25T18:27:59 EDT" duration-ms="698" status="PASS">
          <reporter-output>
          </reporter-output>
        </test-method> <!-- verifyClickingOnDesktopsSublinkMac -->
        <test-method is-config="true" signature="tearDown()[pri:0, instance:com.tutorials.ninja.qa.testcases.SearchProductTest@35841320]" started-at="2023-04-25T18:27:59 EDT" name="tearDown" finished-at="2023-04-25T18:27:59 EDT" duration-ms="120" status="PASS">
          <reporter-output>
          </reporter-output>
        </test-method> <!-- tearDown -->
        <test-method is-config="true" signature="setUp()[pri:0, instance:com.tutorials.ninja.qa.testcases.SearchProductTest@35841320]" started-at="2023-04-25T18:27:59 EDT" name="setUp" finished-at="2023-04-25T18:28:03 EDT" duration-ms="4108" status="PASS">
          <reporter-output>
          </reporter-output>
        </test-method> <!-- setUp -->
        <test-method signature="verifyClickingOnDesktopsSublinkShowAllDesktops()[pri:28, instance:com.tutorials.ninja.qa.testcases.SearchProductTest@35841320]" started-at="2023-04-25T18:28:03 EDT" name="verifyClickingOnDesktopsSublinkShowAllDesktops" finished-at="2023-04-25T18:28:04 EDT" duration-ms="979" status="PASS">
          <reporter-output>
          </reporter-output>
        </test-method> <!-- verifyClickingOnDesktopsSublinkShowAllDesktops -->
        <test-method is-config="true" signature="tearDown()[pri:0, instance:com.tutorials.ninja.qa.testcases.SearchProductTest@35841320]" started-at="2023-04-25T18:28:04 EDT" name="tearDown" finished-at="2023-04-25T18:28:04 EDT" duration-ms="133" status="PASS">
          <reporter-output>
          </reporter-output>
        </test-method> <!-- tearDown -->
        <test-method is-config="true" signature="setUp()[pri:0, instance:com.tutorials.ninja.qa.testcases.SearchProductTest@35841320]" started-at="2023-04-25T18:28:04 EDT" name="setUp" finished-at="2023-04-25T18:28:09 EDT" duration-ms="4380" status="PASS">
          <reporter-output>
          </reporter-output>
        </test-method> <!-- setUp -->
        <test-method signature="verifyClickingOnLaptopsAndNotebooksSublinkMacs()[pri:29, instance:com.tutorials.ninja.qa.testcases.SearchProductTest@35841320]" started-at="2023-04-25T18:28:09 EDT" name="verifyClickingOnLaptopsAndNotebooksSublinkMacs" finished-at="2023-04-25T18:28:09 EDT" duration-ms="701" status="PASS">
          <reporter-output>
          </reporter-output>
        </test-method> <!-- verifyClickingOnLaptopsAndNotebooksSublinkMacs -->
        <test-method is-config="true" signature="tearDown()[pri:0, instance:com.tutorials.ninja.qa.testcases.SearchProductTest@35841320]" started-at="2023-04-25T18:28:09 EDT" name="tearDown" finished-at="2023-04-25T18:28:10 EDT" duration-ms="129" status="PASS">
          <reporter-output>
          </reporter-output>
        </test-method> <!-- tearDown -->
        <test-method is-config="true" signature="setUp()[pri:0, instance:com.tutorials.ninja.qa.testcases.SearchProductTest@35841320]" started-at="2023-04-25T18:28:10 EDT" name="setUp" finished-at="2023-04-25T18:28:14 EDT" duration-ms="4383" status="PASS">
          <reporter-output>
          </reporter-output>
        </test-method> <!-- setUp -->
        <test-method signature="verifyClickingOnLaptopsAndNotebooksSublinkWindows()[pri:30, instance:com.tutorials.ninja.qa.testcases.SearchProductTest@35841320]" started-at="2023-04-25T18:28:14 EDT" name="verifyClickingOnLaptopsAndNotebooksSublinkWindows" finished-at="2023-04-25T18:28:15 EDT" duration-ms="788" status="PASS">
          <reporter-output>
          </reporter-output>
        </test-method> <!-- verifyClickingOnLaptopsAndNotebooksSublinkWindows -->
        <test-method is-config="true" signature="tearDown()[pri:0, instance:com.tutorials.ninja.qa.testcases.SearchProductTest@35841320]" started-at="2023-04-25T18:28:15 EDT" name="tearDown" finished-at="2023-04-25T18:28:15 EDT" duration-ms="127" status="PASS">
          <reporter-output>
          </reporter-output>
        </test-method> <!-- tearDown -->
        <test-method is-config="true" signature="setUp()[pri:0, instance:com.tutorials.ninja.qa.testcases.SearchProductTest@35841320]" started-at="2023-04-25T18:28:15 EDT" name="setUp" finished-at="2023-04-25T18:28:19 EDT" duration-ms="4592" status="PASS">
          <reporter-output>
          </reporter-output>
        </test-method> <!-- setUp -->
        <test-method signature="verifyClickingOnLaptopsAndNotebooksSublinkShowAll()[pri:31, instance:com.tutorials.ninja.qa.testcases.SearchProductTest@35841320]" started-at="2023-04-25T18:28:19 EDT" name="verifyClickingOnLaptopsAndNotebooksSublinkShowAll" finished-at="2023-04-25T18:28:20 EDT" duration-ms="723" status="PASS">
          <reporter-output>
          </reporter-output>
        </test-method> <!-- verifyClickingOnLaptopsAndNotebooksSublinkShowAll -->
        <test-method is-config="true" signature="tearDown()[pri:0, instance:com.tutorials.ninja.qa.testcases.SearchProductTest@35841320]" started-at="2023-04-25T18:28:20 EDT" name="tearDown" finished-at="2023-04-25T18:28:20 EDT" duration-ms="111" status="PASS">
          <reporter-output>
          </reporter-output>
        </test-method> <!-- tearDown -->
        <test-method is-config="true" signature="setUp()[pri:0, instance:com.tutorials.ninja.qa.testcases.SearchProductTest@35841320]" started-at="2023-04-25T18:28:20 EDT" name="setUp" finished-at="2023-04-25T18:28:25 EDT" duration-ms="4453" status="PASS">
          <reporter-output>
          </reporter-output>
        </test-method> <!-- setUp -->
        <test-method signature="verifyClickingOnComponentsSublinkMiceAndTrackballs()[pri:32, instance:com.tutorials.ninja.qa.testcases.SearchProductTest@35841320]" started-at="2023-04-25T18:28:25 EDT" name="verifyClickingOnComponentsSublinkMiceAndTrackballs" finished-at="2023-04-25T18:28:25 EDT" duration-ms="704" status="PASS">
          <reporter-output>
          </reporter-output>
        </test-method> <!-- verifyClickingOnComponentsSublinkMiceAndTrackballs -->
        <test-method is-config="true" signature="tearDown()[pri:0, instance:com.tutorials.ninja.qa.testcases.SearchProductTest@35841320]" started-at="2023-04-25T18:28:25 EDT" name="tearDown" finished-at="2023-04-25T18:28:26 EDT" duration-ms="121" status="PASS">
          <reporter-output>
          </reporter-output>
        </test-method> <!-- tearDown -->
        <test-method is-config="true" signature="setUp()[pri:0, instance:com.tutorials.ninja.qa.testcases.SearchProductTest@35841320]" started-at="2023-04-25T18:28:26 EDT" name="setUp" finished-at="2023-04-25T18:28:30 EDT" duration-ms="4577" status="PASS">
          <reporter-output>
          </reporter-output>
        </test-method> <!-- setUp -->
        <test-method signature="verifyClickingOnComponentsSublinkMonitor()[pri:33, instance:com.tutorials.ninja.qa.testcases.SearchProductTest@35841320]" started-at="2023-04-25T18:28:30 EDT" name="verifyClickingOnComponentsSublinkMonitor" finished-at="2023-04-25T18:28:31 EDT" duration-ms="781" status="PASS">
          <reporter-output>
          </reporter-output>
        </test-method> <!-- verifyClickingOnComponentsSublinkMonitor -->
        <test-method is-config="true" signature="tearDown()[pri:0, instance:com.tutorials.ninja.qa.testcases.SearchProductTest@35841320]" started-at="2023-04-25T18:28:31 EDT" name="tearDown" finished-at="2023-04-25T18:28:31 EDT" duration-ms="136" status="PASS">
          <reporter-output>
          </reporter-output>
        </test-method> <!-- tearDown -->
        <test-method is-config="true" signature="setUp()[pri:0, instance:com.tutorials.ninja.qa.testcases.SearchProductTest@35841320]" started-at="2023-04-25T18:28:31 EDT" name="setUp" finished-at="2023-04-25T18:28:35 EDT" duration-ms="4400" status="PASS">
          <reporter-output>
          </reporter-output>
        </test-method> <!-- setUp -->
        <test-method signature="verifyClickingOnComponentsSublinkPrinters()[pri:34, instance:com.tutorials.ninja.qa.testcases.SearchProductTest@35841320]" started-at="2023-04-25T18:28:35 EDT" name="verifyClickingOnComponentsSublinkPrinters" finished-at="2023-04-25T18:28:36 EDT" duration-ms="986" status="PASS">
          <reporter-output>
          </reporter-output>
        </test-method> <!-- verifyClickingOnComponentsSublinkPrinters -->
        <test-method is-config="true" signature="tearDown()[pri:0, instance:com.tutorials.ninja.qa.testcases.SearchProductTest@35841320]" started-at="2023-04-25T18:28:36 EDT" name="tearDown" finished-at="2023-04-25T18:28:37 EDT" duration-ms="159" status="PASS">
          <reporter-output>
          </reporter-output>
        </test-method> <!-- tearDown -->
        <test-method is-config="true" signature="setUp()[pri:0, instance:com.tutorials.ninja.qa.testcases.SearchProductTest@35841320]" started-at="2023-04-25T18:28:37 EDT" name="setUp" finished-at="2023-04-25T18:28:41 EDT" duration-ms="4480" status="PASS">
          <reporter-output>
          </reporter-output>
        </test-method> <!-- setUp -->
        <test-method signature="verifyClickingOnComponentsSublinkScanners()[pri:35, instance:com.tutorials.ninja.qa.testcases.SearchProductTest@35841320]" started-at="2023-04-25T18:28:41 EDT" name="verifyClickingOnComponentsSublinkScanners" finished-at="2023-04-25T18:28:42 EDT" duration-ms="762" status="PASS">
          <reporter-output>
          </reporter-output>
        </test-method> <!-- verifyClickingOnComponentsSublinkScanners -->
        <test-method is-config="true" signature="tearDown()[pri:0, instance:com.tutorials.ninja.qa.testcases.SearchProductTest@35841320]" started-at="2023-04-25T18:28:42 EDT" name="tearDown" finished-at="2023-04-25T18:28:42 EDT" duration-ms="116" status="PASS">
          <reporter-output>
          </reporter-output>
        </test-method> <!-- tearDown -->
        <test-method is-config="true" signature="setUp()[pri:0, instance:com.tutorials.ninja.qa.testcases.SearchProductTest@35841320]" started-at="2023-04-25T18:28:42 EDT" name="setUp" finished-at="2023-04-25T18:28:46 EDT" duration-ms="4399" status="PASS">
          <reporter-output>
          </reporter-output>
        </test-method> <!-- setUp -->
        <test-method signature="verifyClickingOnComponentsSublinkWebCameras()[pri:36, instance:com.tutorials.ninja.qa.testcases.SearchProductTest@35841320]" started-at="2023-04-25T18:28:46 EDT" name="verifyClickingOnComponentsSublinkWebCameras" finished-at="2023-04-25T18:28:47 EDT" duration-ms="680" status="PASS">
          <reporter-output>
          </reporter-output>
        </test-method> <!-- verifyClickingOnComponentsSublinkWebCameras -->
        <test-method is-config="true" signature="tearDown()[pri:0, instance:com.tutorials.ninja.qa.testcases.SearchProductTest@35841320]" started-at="2023-04-25T18:28:47 EDT" name="tearDown" finished-at="2023-04-25T18:28:47 EDT" duration-ms="117" status="PASS">
          <reporter-output>
          </reporter-output>
        </test-method> <!-- tearDown -->
        <test-method is-config="true" signature="setUp()[pri:0, instance:com.tutorials.ninja.qa.testcases.SearchProductTest@35841320]" started-at="2023-04-25T18:28:47 EDT" name="setUp" finished-at="2023-04-25T18:28:52 EDT" duration-ms="4359" status="PASS">
          <reporter-output>
          </reporter-output>
        </test-method> <!-- setUp -->
        <test-method signature="verifyClickingOnComponentsSublinkShowAllComponents()[pri:37, instance:com.tutorials.ninja.qa.testcases.SearchProductTest@35841320]" started-at="2023-04-25T18:28:52 EDT" name="verifyClickingOnComponentsSublinkShowAllComponents" finished-at="2023-04-25T18:28:52 EDT" duration-ms="682" status="PASS">
          <reporter-output>
          </reporter-output>
        </test-method> <!-- verifyClickingOnComponentsSublinkShowAllComponents -->
        <test-method is-config="true" signature="tearDown()[pri:0, instance:com.tutorials.ninja.qa.testcases.SearchProductTest@35841320]" started-at="2023-04-25T18:28:52 EDT" name="tearDown" finished-at="2023-04-25T18:28:52 EDT" duration-ms="107" status="PASS">
          <reporter-output>
          </reporter-output>
        </test-method> <!-- tearDown -->
        <test-method is-config="true" signature="setUp()[pri:0, instance:com.tutorials.ninja.qa.testcases.SearchProductTest@35841320]" started-at="2023-04-25T18:28:52 EDT" name="setUp" finished-at="2023-04-25T18:28:57 EDT" duration-ms="4232" status="PASS">
          <reporter-output>
          </reporter-output>
        </test-method> <!-- setUp -->
        <test-method signature="verifyClickingOnMP3PlayersSublinkShowAllMP3Players()[pri:38, instance:com.tutorials.ninja.qa.testcases.SearchProductTest@35841320]" started-at="2023-04-25T18:28:57 EDT" name="verifyClickingOnMP3PlayersSublinkShowAllMP3Players" finished-at="2023-04-25T18:28:57 EDT" duration-ms="713" status="PASS">
          <reporter-output>
          </reporter-output>
        </test-method> <!-- verifyClickingOnMP3PlayersSublinkShowAllMP3Players -->
        <test-method is-config="true" signature="tearDown()[pri:0, instance:com.tutorials.ninja.qa.testcases.SearchProductTest@35841320]" started-at="2023-04-25T18:28:57 EDT" name="tearDown" finished-at="2023-04-25T18:28:57 EDT" duration-ms="138" status="PASS">
          <reporter-output>
          </reporter-output>
        </test-method> <!-- tearDown -->
      </class> <!-- com.tutorials.ninja.qa.testcases.SearchProductTest -->
      <class name="com.tutorials.ninja.qa.testcases.LoginTest">
        <test-method is-config="true" signature="setUp()[pri:0, instance:com.tutorials.ninja.qa.testcases.LoginTest@645aa696]" started-at="2023-04-25T18:22:27 EDT" name="setUp" finished-at="2023-04-25T18:22:33 EDT" duration-ms="5989" status="PASS">
          <reporter-output>
          </reporter-output>
        </test-method> <!-- setUp -->
        <test-method signature="verifyLoginUsingValidCredentials_001(java.lang.String,java.lang.String)[pri:1, instance:com.tutorials.ninja.qa.testcases.LoginTest@645aa696]" started-at="2023-04-25T18:22:33 EDT" name="verifyLoginUsingValidCredentials_001" data-provider="TutorialsNinjaDataProviderSupply" finished-at="2023-04-25T18:22:34 EDT" duration-ms="840" status="PASS">
          <params>
            <param index="0">
              <value>
                <![CDATA[rafiasultana12345@gmail.com]]>
              </value>
            </param>
            <param index="1">
              <value>
                <![CDATA[Selenium@123]]>
              </value>
            </param>
          </params>
          <reporter-output>
          </reporter-output>
        </test-method> <!-- verifyLoginUsingValidCredentials_001 -->
        <test-method is-config="true" signature="tearDown()[pri:0, instance:com.tutorials.ninja.qa.testcases.LoginTest@645aa696]" started-at="2023-04-25T18:22:34 EDT" name="tearDown" finished-at="2023-04-25T18:22:34 EDT" duration-ms="128" status="PASS">
          <reporter-output>
          </reporter-output>
        </test-method> <!-- tearDown -->
        <test-method is-config="true" signature="setUp()[pri:0, instance:com.tutorials.ninja.qa.testcases.LoginTest@645aa696]" started-at="2023-04-25T18:22:34 EDT" name="setUp" finished-at="2023-04-25T18:22:39 EDT" duration-ms="4962" status="PASS">
          <reporter-output>
          </reporter-output>
        </test-method> <!-- setUp -->
        <test-method signature="verifyLoginUsingValidCredentials_001(java.lang.String,java.lang.String)[pri:1, instance:com.tutorials.ninja.qa.testcases.LoginTest@645aa696]" started-at="2023-04-25T18:22:39 EDT" name="verifyLoginUsingValidCredentials_001" data-provider="TutorialsNinjaDataProviderSupply" finished-at="2023-04-25T18:22:40 EDT" duration-ms="877" status="PASS">
          <params>
            <param index="0">
              <value>
                <![CDATA[rafiasultana122@yahoo.com]]>
              </value>
            </param>
            <param index="1">
              <value>
                <![CDATA[Selenium@123]]>
              </value>
            </param>
          </params>
          <reporter-output>
          </reporter-output>
        </test-method> <!-- verifyLoginUsingValidCredentials_001 -->
        <test-method is-config="true" signature="tearDown()[pri:0, instance:com.tutorials.ninja.qa.testcases.LoginTest@645aa696]" started-at="2023-04-25T18:22:40 EDT" name="tearDown" finished-at="2023-04-25T18:22:40 EDT" duration-ms="148" status="PASS">
          <reporter-output>
          </reporter-output>
        </test-method> <!-- tearDown -->
        <test-method is-config="true" signature="setUp()[pri:0, instance:com.tutorials.ninja.qa.testcases.LoginTest@645aa696]" started-at="2023-04-25T18:22:40 EDT" name="setUp" finished-at="2023-04-25T18:22:45 EDT" duration-ms="4799" status="PASS">
          <reporter-output>
          </reporter-output>
        </test-method> <!-- setUp -->
        <test-method signature="verifyLoginUsingValidCredentials_001(java.lang.String,java.lang.String)[pri:1, instance:com.tutorials.ninja.qa.testcases.LoginTest@645aa696]" started-at="2023-04-25T18:22:45 EDT" name="verifyLoginUsingValidCredentials_001" data-provider="TutorialsNinjaDataProviderSupply" finished-at="2023-04-25T18:22:46 EDT" duration-ms="828" status="PASS">
          <params>
            <param index="0">
              <value>
                <![CDATA[ss123456@gmail.com]]>
              </value>
            </param>
            <param index="1">
              <value>
                <![CDATA[sharmin@123]]>
              </value>
            </param>
          </params>
          <reporter-output>
          </reporter-output>
        </test-method> <!-- verifyLoginUsingValidCredentials_001 -->
        <test-method is-config="true" signature="tearDown()[pri:0, instance:com.tutorials.ninja.qa.testcases.LoginTest@645aa696]" started-at="2023-04-25T18:22:46 EDT" name="tearDown" finished-at="2023-04-25T18:22:46 EDT" duration-ms="107" status="PASS">
          <reporter-output>
          </reporter-output>
        </test-method> <!-- tearDown -->
        <test-method is-config="true" signature="setUp()[pri:0, instance:com.tutorials.ninja.qa.testcases.LoginTest@645aa696]" started-at="2023-04-25T18:22:46 EDT" name="setUp" finished-at="2023-04-25T18:22:51 EDT" duration-ms="4785" status="PASS">
          <reporter-output>
          </reporter-output>
        </test-method> <!-- setUp -->
        <test-method signature="verifyLoginUsingValidCredentials_001(java.lang.String,java.lang.String)[pri:1, instance:com.tutorials.ninja.qa.testcases.LoginTest@645aa696]" started-at="2023-04-25T18:22:51 EDT" name="verifyLoginUsingValidCredentials_001" data-provider="TutorialsNinjaDataProviderSupply" finished-at="2023-04-25T18:22:51 EDT" duration-ms="819" status="PASS">
          <params>
            <param index="0">
              <value>
                <![CDATA[rashidmohammed@yahoo.com]]>
              </value>
            </param>
            <param index="1">
              <value>
                <![CDATA[mohammed@123]]>
              </value>
            </param>
          </params>
          <reporter-output>
          </reporter-output>
        </test-method> <!-- verifyLoginUsingValidCredentials_001 -->
        <test-method is-config="true" signature="tearDown()[pri:0, instance:com.tutorials.ninja.qa.testcases.LoginTest@645aa696]" started-at="2023-04-25T18:22:51 EDT" name="tearDown" finished-at="2023-04-25T18:22:51 EDT" duration-ms="141" status="PASS">
          <reporter-output>
          </reporter-output>
        </test-method> <!-- tearDown -->
        <test-method is-config="true" signature="setUp()[pri:0, instance:com.tutorials.ninja.qa.testcases.LoginTest@645aa696]" started-at="2023-04-25T18:22:51 EDT" name="setUp" finished-at="2023-04-25T18:22:56 EDT" duration-ms="4924" status="PASS">
          <reporter-output>
          </reporter-output>
        </test-method> <!-- setUp -->
        <test-method signature="verifyLoginUsingValidCredentials_001(java.lang.String,java.lang.String)[pri:1, instance:com.tutorials.ninja.qa.testcases.LoginTest@645aa696]" started-at="2023-04-25T18:22:56 EDT" name="verifyLoginUsingValidCredentials_001" data-provider="TutorialsNinjaDataProviderSupply" finished-at="2023-04-25T18:22:57 EDT" duration-ms="829" status="PASS">
          <params>
            <param index="0">
              <value>
                <![CDATA[akhterrashida@gmail.com]]>
              </value>
            </param>
            <param index="1">
              <value>
                <![CDATA[rashida@123]]>
              </value>
            </param>
          </params>
          <reporter-output>
          </reporter-output>
        </test-method> <!-- verifyLoginUsingValidCredentials_001 -->
        <test-method is-config="true" signature="tearDown()[pri:0, instance:com.tutorials.ninja.qa.testcases.LoginTest@645aa696]" started-at="2023-04-25T18:22:57 EDT" name="tearDown" finished-at="2023-04-25T18:22:57 EDT" duration-ms="134" status="PASS">
          <reporter-output>
          </reporter-output>
        </test-method> <!-- tearDown -->
        <test-method is-config="true" signature="setUp()[pri:0, instance:com.tutorials.ninja.qa.testcases.LoginTest@645aa696]" started-at="2023-04-25T18:22:57 EDT" name="setUp" finished-at="2023-04-25T18:23:02 EDT" duration-ms="4709" status="PASS">
          <reporter-output>
          </reporter-output>
        </test-method> <!-- setUp -->
        <test-method signature="verifyLoginUsingInvalidCredentials_002()[pri:2, instance:com.tutorials.ninja.qa.testcases.LoginTest@645aa696]" started-at="2023-04-25T18:23:02 EDT" name="verifyLoginUsingInvalidCredentials_002" finished-at="2023-04-25T18:23:03 EDT" duration-ms="627" status="PASS">
          <reporter-output>
          </reporter-output>
        </test-method> <!-- verifyLoginUsingInvalidCredentials_002 -->
        <test-method is-config="true" signature="tearDown()[pri:0, instance:com.tutorials.ninja.qa.testcases.LoginTest@645aa696]" started-at="2023-04-25T18:23:03 EDT" name="tearDown" finished-at="2023-04-25T18:23:03 EDT" duration-ms="104" status="PASS">
          <reporter-output>
          </reporter-output>
        </test-method> <!-- tearDown -->
        <test-method is-config="true" signature="setUp()[pri:0, instance:com.tutorials.ninja.qa.testcases.LoginTest@645aa696]" started-at="2023-04-25T18:23:03 EDT" name="setUp" finished-at="2023-04-25T18:23:08 EDT" duration-ms="4747" status="PASS">
          <reporter-output>
          </reporter-output>
        </test-method> <!-- setUp -->
        <test-method signature="verifyLoginUsingInvalidEmailandValidPassword_003()[pri:3, instance:com.tutorials.ninja.qa.testcases.LoginTest@645aa696]" started-at="2023-04-25T18:23:08 EDT" name="verifyLoginUsingInvalidEmailandValidPassword_003" finished-at="2023-04-25T18:23:08 EDT" duration-ms="590" status="PASS">
          <reporter-output>
          </reporter-output>
        </test-method> <!-- verifyLoginUsingInvalidEmailandValidPassword_003 -->
        <test-method is-config="true" signature="tearDown()[pri:0, instance:com.tutorials.ninja.qa.testcases.LoginTest@645aa696]" started-at="2023-04-25T18:23:08 EDT" name="tearDown" finished-at="2023-04-25T18:23:08 EDT" duration-ms="124" status="PASS">
          <reporter-output>
          </reporter-output>
        </test-method> <!-- tearDown -->
        <test-method is-config="true" signature="setUp()[pri:0, instance:com.tutorials.ninja.qa.testcases.LoginTest@645aa696]" started-at="2023-04-25T18:23:08 EDT" name="setUp" finished-at="2023-04-25T18:23:13 EDT" duration-ms="4807" status="PASS">
          <reporter-output>
          </reporter-output>
        </test-method> <!-- setUp -->
        <test-method signature="verifyLoginUsingValidEmailandInvalidPassword_004()[pri:4, instance:com.tutorials.ninja.qa.testcases.LoginTest@645aa696]" started-at="2023-04-25T18:23:13 EDT" name="verifyLoginUsingValidEmailandInvalidPassword_004" finished-at="2023-04-25T18:23:14 EDT" duration-ms="571" status="PASS">
          <reporter-output>
          </reporter-output>
        </test-method> <!-- verifyLoginUsingValidEmailandInvalidPassword_004 -->
        <test-method is-config="true" signature="tearDown()[pri:0, instance:com.tutorials.ninja.qa.testcases.LoginTest@645aa696]" started-at="2023-04-25T18:23:14 EDT" name="tearDown" finished-at="2023-04-25T18:23:14 EDT" duration-ms="125" status="PASS">
          <reporter-output>
          </reporter-output>
        </test-method> <!-- tearDown -->
        <test-method is-config="true" signature="setUp()[pri:0, instance:com.tutorials.ninja.qa.testcases.LoginTest@645aa696]" started-at="2023-04-25T18:23:14 EDT" name="setUp" finished-at="2023-04-25T18:23:19 EDT" duration-ms="4778" status="PASS">
          <reporter-output>
          </reporter-output>
        </test-method> <!-- setUp -->
        <test-method signature="verifyLoginUsingBlankEmailandValidPassword_005()[pri:5, instance:com.tutorials.ninja.qa.testcases.LoginTest@645aa696]" started-at="2023-04-25T18:23:19 EDT" name="verifyLoginUsingBlankEmailandValidPassword_005" finished-at="2023-04-25T18:23:19 EDT" duration-ms="454" status="PASS">
          <reporter-output>
          </reporter-output>
        </test-method> <!-- verifyLoginUsingBlankEmailandValidPassword_005 -->
        <test-method is-config="true" signature="tearDown()[pri:0, instance:com.tutorials.ninja.qa.testcases.LoginTest@645aa696]" started-at="2023-04-25T18:23:19 EDT" name="tearDown" finished-at="2023-04-25T18:23:19 EDT" duration-ms="136" status="PASS">
          <reporter-output>
          </reporter-output>
        </test-method> <!-- tearDown -->
        <test-method is-config="true" signature="setUp()[pri:0, instance:com.tutorials.ninja.qa.testcases.LoginTest@645aa696]" started-at="2023-04-25T18:23:19 EDT" name="setUp" finished-at="2023-04-25T18:23:24 EDT" duration-ms="4749" status="PASS">
          <reporter-output>
          </reporter-output>
        </test-method> <!-- setUp -->
        <test-method signature="verifyLoginUsingValidEmailandBlankPassword_006()[pri:6, instance:com.tutorials.ninja.qa.testcases.LoginTest@645aa696]" started-at="2023-04-25T18:23:24 EDT" name="verifyLoginUsingValidEmailandBlankPassword_006" finished-at="2023-04-25T18:23:24 EDT" duration-ms="511" status="PASS">
          <reporter-output>
          </reporter-output>
        </test-method> <!-- verifyLoginUsingValidEmailandBlankPassword_006 -->
        <test-method is-config="true" signature="tearDown()[pri:0, instance:com.tutorials.ninja.qa.testcases.LoginTest@645aa696]" started-at="2023-04-25T18:23:24 EDT" name="tearDown" finished-at="2023-04-25T18:23:25 EDT" duration-ms="120" status="PASS">
          <reporter-output>
          </reporter-output>
        </test-method> <!-- tearDown -->
        <test-method is-config="true" signature="setUp()[pri:0, instance:com.tutorials.ninja.qa.testcases.LoginTest@645aa696]" started-at="2023-04-25T18:23:25 EDT" name="setUp" finished-at="2023-04-25T18:23:29 EDT" duration-ms="4825" status="PASS">
          <reporter-output>
          </reporter-output>
        </test-method> <!-- setUp -->
        <test-method signature="verifyLoginUsingBlankCredentials_007()[pri:7, instance:com.tutorials.ninja.qa.testcases.LoginTest@645aa696]" started-at="2023-04-25T18:23:29 EDT" name="verifyLoginUsingBlankCredentials_007" finished-at="2023-04-25T18:23:30 EDT" duration-ms="424" status="PASS">
          <reporter-output>
          </reporter-output>
        </test-method> <!-- verifyLoginUsingBlankCredentials_007 -->
        <test-method is-config="true" signature="tearDown()[pri:0, instance:com.tutorials.ninja.qa.testcases.LoginTest@645aa696]" started-at="2023-04-25T18:23:30 EDT" name="tearDown" finished-at="2023-04-25T18:23:30 EDT" duration-ms="140" status="PASS">
          <reporter-output>
          </reporter-output>
        </test-method> <!-- tearDown -->
        <test-method is-config="true" signature="setUp()[pri:0, instance:com.tutorials.ninja.qa.testcases.LoginTest@645aa696]" started-at="2023-04-25T18:23:30 EDT" name="setUp" finished-at="2023-04-25T18:23:35 EDT" duration-ms="4860" status="PASS">
          <reporter-output>
          </reporter-output>
        </test-method> <!-- setUp -->
        <test-method signature="verifyLoginUsingInactiveCredentials_008()[pri:8, instance:com.tutorials.ninja.qa.testcases.LoginTest@645aa696]" started-at="2023-04-25T18:23:35 EDT" name="verifyLoginUsingInactiveCredentials_008" finished-at="2023-04-25T18:23:35 EDT" duration-ms="562" status="FAIL">
          <exception class="java.lang.AssertionError">
            <message>
              <![CDATA[The following asserts failed:
Warning Message Does Not Match expected [true] but found [false]]]>
            </message>
            <full-stacktrace>
              <![CDATA[java.lang.AssertionError: The following asserts failed:
Warning Message Does Not Match expected [true] but found [false]
at org.testng.asserts.SoftAssert.assertAll(SoftAssert.java:46)
at org.testng.asserts.SoftAssert.assertAll(SoftAssert.java:30)
at com.tutorials.ninja.qa.testcases.LoginTest.verifyLoginUsingInactiveCredentials_008(LoginTest.java:139)
at java.base/jdk.internal.reflect.NativeMethodAccessorImpl.invoke0(Native Method)
at java.base/jdk.internal.reflect.NativeMethodAccessorImpl.invoke(NativeMethodAccessorImpl.java:77)
at java.base/jdk.internal.reflect.DelegatingMethodAccessorImpl.invoke(DelegatingMethodAccessorImpl.java:43)
at java.base/java.lang.reflect.Method.invoke(Method.java:568)
at org.testng.internal.invokers.MethodInvocationHelper.invokeMethod(MethodInvocationHelper.java:139)
at org.testng.internal.invokers.TestInvoker.invokeMethod(TestInvoker.java:677)
at org.testng.internal.invokers.TestInvoker.invokeTestMethod(TestInvoker.java:221)
at org.testng.internal.invokers.MethodRunner.runInSequence(MethodRunner.java:50)
at org.testng.internal.invokers.TestInvoker$MethodInvocationAgent.invoke(TestInvoker.java:969)
at org.testng.internal.invokers.TestInvoker.invokeTestMethods(TestInvoker.java:194)
at org.testng.internal.invokers.TestMethodWorker.invokeTestMethods(TestMethodWorker.java:148)
at org.testng.internal.invokers.TestMethodWorker.run(TestMethodWorker.java:128)
at java.base/java.util.ArrayList.forEach(ArrayList.java:1511)
at org.testng.TestRunner.privateRun(TestRunner.java:829)
at org.testng.TestRunner.run(TestRunner.java:602)
at org.testng.SuiteRunner.runTest(SuiteRunner.java:437)
at org.testng.SuiteRunner.runSequentially(SuiteRunner.java:431)
at org.testng.SuiteRunner.privateRun(SuiteRunner.java:391)
at org.testng.SuiteRunner.run(SuiteRunner.java:330)
at org.testng.SuiteRunnerWorker.runSuite(SuiteRunnerWorker.java:52)
at org.testng.SuiteRunnerWorker.run(SuiteRunnerWorker.java:95)
at org.testng.TestNG.runSuitesSequentially(TestNG.java:1256)
at org.testng.TestNG.runSuitesLocally(TestNG.java:1176)
at org.testng.TestNG.runSuites(TestNG.java:1099)
at org.testng.TestNG.run(TestNG.java:1067)
at org.testng.remote.AbstractRemoteTestNG.run(AbstractRemoteTestNG.java:115)
at org.testng.remote.RemoteTestNG.initAndRun(RemoteTestNG.java:251)
at org.testng.remote.RemoteTestNG.main(RemoteTestNG.java:77)
]]>
            </full-stacktrace>
          </exception> <!-- java.lang.AssertionError -->
          <reporter-output>
          </reporter-output>
        </test-method> <!-- verifyLoginUsingInactiveCredentials_008 -->
        <test-method is-config="true" signature="tearDown()[pri:0, instance:com.tutorials.ninja.qa.testcases.LoginTest@645aa696]" started-at="2023-04-25T18:23:35 EDT" name="tearDown" finished-at="2023-04-25T18:23:35 EDT" duration-ms="108" status="PASS">
          <reporter-output>
          </reporter-output>
        </test-method> <!-- tearDown -->
        <test-method is-config="true" signature="setUp()[pri:0, instance:com.tutorials.ninja.qa.testcases.LoginTest@645aa696]" started-at="2023-04-25T18:23:35 EDT" name="setUp" finished-at="2023-04-25T18:23:40 EDT" duration-ms="4795" status="PASS">
          <reporter-output>
          </reporter-output>
        </test-method> <!-- setUp -->
        <test-method signature="verifyWorkingOfForgetPasswordLink_009()[pri:9, instance:com.tutorials.ninja.qa.testcases.LoginTest@645aa696]" started-at="2023-04-25T18:23:40 EDT" name="verifyWorkingOfForgetPasswordLink_009" finished-at="2023-04-25T18:23:41 EDT" duration-ms="417" status="FAIL">
          <exception class="java.lang.AssertionError">
            <message>
              <![CDATA[The following asserts failed:
Warning Message Does Not Match expected [true] but found [false]]]>
            </message>
            <full-stacktrace>
              <![CDATA[java.lang.AssertionError: The following asserts failed:
Warning Message Does Not Match expected [true] but found [false]
at org.testng.asserts.SoftAssert.assertAll(SoftAssert.java:46)
at org.testng.asserts.SoftAssert.assertAll(SoftAssert.java:30)
at com.tutorials.ninja.qa.testcases.LoginTest.verifyWorkingOfForgetPasswordLink_009(LoginTest.java:150)
at java.base/jdk.internal.reflect.NativeMethodAccessorImpl.invoke0(Native Method)
at java.base/jdk.internal.reflect.NativeMethodAccessorImpl.invoke(NativeMethodAccessorImpl.java:77)
at java.base/jdk.internal.reflect.DelegatingMethodAccessorImpl.invoke(DelegatingMethodAccessorImpl.java:43)
at java.base/java.lang.reflect.Method.invoke(Method.java:568)
at org.testng.internal.invokers.MethodInvocationHelper.invokeMethod(MethodInvocationHelper.java:139)
at org.testng.internal.invokers.TestInvoker.invokeMethod(TestInvoker.java:677)
at org.testng.internal.invokers.TestInvoker.invokeTestMethod(TestInvoker.java:221)
at org.testng.internal.invokers.MethodRunner.runInSequence(MethodRunner.java:50)
at org.testng.internal.invokers.TestInvoker$MethodInvocationAgent.invoke(TestInvoker.java:969)
at org.testng.internal.invokers.TestInvoker.invokeTestMethods(TestInvoker.java:194)
at org.testng.internal.invokers.TestMethodWorker.invokeTestMethods(TestMethodWorker.java:148)
at org.testng.internal.invokers.TestMethodWorker.run(TestMethodWorker.java:128)
at java.base/java.util.ArrayList.forEach(ArrayList.java:1511)
at org.testng.TestRunner.privateRun(TestRunner.java:829)
at org.testng.TestRunner.run(TestRunner.java:602)
at org.testng.SuiteRunner.runTest(SuiteRunner.java:437)
at org.testng.SuiteRunner.runSequentially(SuiteRunner.java:431)
at org.testng.SuiteRunner.privateRun(SuiteRunner.java:391)
at org.testng.SuiteRunner.run(SuiteRunner.java:330)
at org.testng.SuiteRunnerWorker.runSuite(SuiteRunnerWorker.java:52)
at org.testng.SuiteRunnerWorker.run(SuiteRunnerWorker.java:95)
at org.testng.TestNG.runSuitesSequentially(TestNG.java:1256)
at org.testng.TestNG.runSuitesLocally(TestNG.java:1176)
at org.testng.TestNG.runSuites(TestNG.java:1099)
at org.testng.TestNG.run(TestNG.java:1067)
at org.testng.remote.AbstractRemoteTestNG.run(AbstractRemoteTestNG.java:115)
at org.testng.remote.RemoteTestNG.initAndRun(RemoteTestNG.java:251)
at org.testng.remote.RemoteTestNG.main(RemoteTestNG.java:77)
]]>
            </full-stacktrace>
          </exception> <!-- java.lang.AssertionError -->
          <reporter-output>
          </reporter-output>
        </test-method> <!-- verifyWorkingOfForgetPasswordLink_009 -->
        <test-method is-config="true" signature="tearDown()[pri:0, instance:com.tutorials.ninja.qa.testcases.LoginTest@645aa696]" started-at="2023-04-25T18:23:41 EDT" name="tearDown" finished-at="2023-04-25T18:23:41 EDT" duration-ms="119" status="PASS">
          <reporter-output>
          </reporter-output>
        </test-method> <!-- tearDown -->
        <test-method is-config="true" signature="setUp()[pri:0, instance:com.tutorials.ninja.qa.testcases.LoginTest@645aa696]" started-at="2023-04-25T18:23:41 EDT" name="setUp" finished-at="2023-04-25T18:23:46 EDT" duration-ms="4821" status="PASS">
          <reporter-output>
          </reporter-output>
        </test-method> <!-- setUp -->
        <test-method signature="verifyLoginIntoApplicationAndBrowsingBackWithoutBeingLoggedOut_010()[pri:10, instance:com.tutorials.ninja.qa.testcases.LoginTest@645aa696]" started-at="2023-04-25T18:23:46 EDT" name="verifyLoginIntoApplicationAndBrowsingBackWithoutBeingLoggedOut_010" finished-at="2023-04-25T18:23:46 EDT" duration-ms="813" status="FAIL">
          <exception class="java.lang.AssertionError">
            <message>
              <![CDATA[The following asserts failed:
Warning Message Does Not Match expected [true] but found [false]]]>
            </message>
            <full-stacktrace>
              <![CDATA[java.lang.AssertionError: The following asserts failed:
Warning Message Does Not Match expected [true] but found [false]
at org.testng.asserts.SoftAssert.assertAll(SoftAssert.java:46)
at org.testng.asserts.SoftAssert.assertAll(SoftAssert.java:30)
at com.tutorials.ninja.qa.testcases.LoginTest.verifyLoginIntoApplicationAndBrowsingBackWithoutBeingLoggedOut_010(LoginTest.java:164)
at java.base/jdk.internal.reflect.NativeMethodAccessorImpl.invoke0(Native Method)
at java.base/jdk.internal.reflect.NativeMethodAccessorImpl.invoke(NativeMethodAccessorImpl.java:77)
at java.base/jdk.internal.reflect.DelegatingMethodAccessorImpl.invoke(DelegatingMethodAccessorImpl.java:43)
at java.base/java.lang.reflect.Method.invoke(Method.java:568)
at org.testng.internal.invokers.MethodInvocationHelper.invokeMethod(MethodInvocationHelper.java:139)
at org.testng.internal.invokers.TestInvoker.invokeMethod(TestInvoker.java:677)
at org.testng.internal.invokers.TestInvoker.invokeTestMethod(TestInvoker.java:221)
at org.testng.internal.invokers.MethodRunner.runInSequence(MethodRunner.java:50)
at org.testng.internal.invokers.TestInvoker$MethodInvocationAgent.invoke(TestInvoker.java:969)
at org.testng.internal.invokers.TestInvoker.invokeTestMethods(TestInvoker.java:194)
at org.testng.internal.invokers.TestMethodWorker.invokeTestMethods(TestMethodWorker.java:148)
at org.testng.internal.invokers.TestMethodWorker.run(TestMethodWorker.java:128)
at java.base/java.util.ArrayList.forEach(ArrayList.java:1511)
at org.testng.TestRunner.privateRun(TestRunner.java:829)
at org.testng.TestRunner.run(TestRunner.java:602)
at org.testng.SuiteRunner.runTest(SuiteRunner.java:437)
at org.testng.SuiteRunner.runSequentially(SuiteRunner.java:431)
at org.testng.SuiteRunner.privateRun(SuiteRunner.java:391)
at org.testng.SuiteRunner.run(SuiteRunner.java:330)
at org.testng.SuiteRunnerWorker.runSuite(SuiteRunnerWorker.java:52)
at org.testng.SuiteRunnerWorker.run(SuiteRunnerWorker.java:95)
at org.testng.TestNG.runSuitesSequentially(TestNG.java:1256)
at org.testng.TestNG.runSuitesLocally(TestNG.java:1176)
at org.testng.TestNG.runSuites(TestNG.java:1099)
at org.testng.TestNG.run(TestNG.java:1067)
at org.testng.remote.AbstractRemoteTestNG.run(AbstractRemoteTestNG.java:115)
at org.testng.remote.RemoteTestNG.initAndRun(RemoteTestNG.java:251)
at org.testng.remote.RemoteTestNG.main(RemoteTestNG.java:77)
]]>
            </full-stacktrace>
          </exception> <!-- java.lang.AssertionError -->
          <reporter-output>
          </reporter-output>
        </test-method> <!-- verifyLoginIntoApplicationAndBrowsingBackWithoutBeingLoggedOut_010 -->
        <test-method is-config="true" signature="tearDown()[pri:0, instance:com.tutorials.ninja.qa.testcases.LoginTest@645aa696]" started-at="2023-04-25T18:23:46 EDT" name="tearDown" finished-at="2023-04-25T18:23:47 EDT" duration-ms="111" status="PASS">
          <reporter-output>
          </reporter-output>
        </test-method> <!-- tearDown -->
        <test-method is-config="true" signature="setUp()[pri:0, instance:com.tutorials.ninja.qa.testcases.LoginTest@645aa696]" started-at="2023-04-25T18:23:47 EDT" name="setUp" finished-at="2023-04-25T18:23:51 EDT" duration-ms="4767" status="PASS">
          <reporter-output>
          </reporter-output>
        </test-method> <!-- setUp -->
        <test-method signature="verifyNavigationToDifferentPagesFromLoginPage_011()[pri:12, instance:com.tutorials.ninja.qa.testcases.LoginTest@645aa696]" started-at="2023-04-25T18:23:51 EDT" name="verifyNavigationToDifferentPagesFromLoginPage_011" finished-at="2023-04-25T18:23:52 EDT" duration-ms="850" status="FAIL">
          <exception class="java.lang.AssertionError">
            <message>
              <![CDATA[The following asserts failed:
Warning Message Does Not Match expected [true] but found [false]]]>
            </message>
            <full-stacktrace>
              <![CDATA[java.lang.AssertionError: The following asserts failed:
Warning Message Does Not Match expected [true] but found [false]
at org.testng.asserts.SoftAssert.assertAll(SoftAssert.java:46)
at org.testng.asserts.SoftAssert.assertAll(SoftAssert.java:30)
at com.tutorials.ninja.qa.testcases.LoginTest.verifyNavigationToDifferentPagesFromLoginPage_011(LoginTest.java:193)
at java.base/jdk.internal.reflect.NativeMethodAccessorImpl.invoke0(Native Method)
at java.base/jdk.internal.reflect.NativeMethodAccessorImpl.invoke(NativeMethodAccessorImpl.java:77)
at java.base/jdk.internal.reflect.DelegatingMethodAccessorImpl.invoke(DelegatingMethodAccessorImpl.java:43)
at java.base/java.lang.reflect.Method.invoke(Method.java:568)
at org.testng.internal.invokers.MethodInvocationHelper.invokeMethod(MethodInvocationHelper.java:139)
at org.testng.internal.invokers.TestInvoker.invokeMethod(TestInvoker.java:677)
at org.testng.internal.invokers.TestInvoker.invokeTestMethod(TestInvoker.java:221)
at org.testng.internal.invokers.MethodRunner.runInSequence(MethodRunner.java:50)
at org.testng.internal.invokers.TestInvoker$MethodInvocationAgent.invoke(TestInvoker.java:969)
at org.testng.internal.invokers.TestInvoker.invokeTestMethods(TestInvoker.java:194)
at org.testng.internal.invokers.TestMethodWorker.invokeTestMethods(TestMethodWorker.java:148)
at org.testng.internal.invokers.TestMethodWorker.run(TestMethodWorker.java:128)
at java.base/java.util.ArrayList.forEach(ArrayList.java:1511)
at org.testng.TestRunner.privateRun(TestRunner.java:829)
at org.testng.TestRunner.run(TestRunner.java:602)
at org.testng.SuiteRunner.runTest(SuiteRunner.java:437)
at org.testng.SuiteRunner.runSequentially(SuiteRunner.java:431)
at org.testng.SuiteRunner.privateRun(SuiteRunner.java:391)
at org.testng.SuiteRunner.run(SuiteRunner.java:330)
[...]
at org.testng.TestNG.runSuitesLocally(TestNG.java:1176)
at org.testng.TestNG.runSuites(TestNG.java:1099)
at org.testng.TestNG.run(TestNG.java:1067)
at org.testng.remote.AbstractRemoteTestNG.run(AbstractRemoteTestNG.java:115)
at org.testng.remote.RemoteTestNG.initAndRun(RemoteTestNG.java:251)
at org.testng.remote.RemoteTestNG.main(RemoteTestNG.java:77)
]]>
            </full-stacktrace>
          </exception> <!-- org.openqa.selenium.TimeoutException -->
          <reporter-output>
          </reporter-output>
        </test-method> <!-- verifyNavigateBACKcommandInRegisterPage -->
        <test-method signature="verifyNavigateTOcommandInRegisterPage()[pri:27, instance:com.tutorials.ninja.qa.testcases.RegisterTest@7ae0a9ec]" started-at="2023-04-25T18:25:22 EDT" name="verifyNavigateTOcommandInRegisterPage" finished-at="2023-04-25T18:25:22 EDT" duration-ms="0" status="SKIP">
          <exception class="org.openqa.selenium.TimeoutException">
            <message>
              <![CDATA[timeout: Timed out receiving message from renderer: 10.000
  (Session info: chrome=112.0.5615.87)
Build info: version: '4.7.2', revision: '4d4020c3b7'
System info: os.name: 'Windows 11', os.arch: 'amd64', os.version: '10.0', java.version: '17.0.5'
Driver info: org.openqa.selenium.chrome.ChromeDriver
Command: [ed2a77c54073b17b075aa21b3cba9550, clickElement {id=40faf6ca-54ca-4903-8668-2b32e9b81be0}]
Capabilities {acceptInsecureCerts: false, browserName: chrome, browserVersion: 112.0.5615.87, chrome: {chromedriverVersion: 112.0.5615.49 (bd2a7bcb881c..., userDataDir: C:\Users\RAFIAS~1\AppData\L...}, goog:chromeOptions: {debuggerAddress: localhost:56625}, networkConnectionEnabled: false, pageLoadStrategy: normal, platformName: WINDOWS, proxy: Proxy(), se:cdp: ws://localhost:56625/devtoo..., se:cdpVersion: 112.0.5615.87, setWindowRect: true, strictFileInteractability: false, timeouts: {implicit: 0, pageLoad: 300000, script: 30000}, unhandledPromptBehavior: dismiss and notify, webauthn:extension:credBlob: true, webauthn:extension:largeBlob: true, webauthn:extension:minPinLength: true, webauthn:extension:prf: true, webauthn:virtualAuthenticators: true}
Element: [[ChromeDriver: chrome on WINDOWS (ed2a77c54073b17b075aa21b3cba9550)] -> link text: Register]
Session ID: ed2a77c54073b17b075aa21b3cba9550]]>
            </message>
            <full-stacktrace>
              <![CDATA[org.openqa.selenium.TimeoutException: timeout: Timed out receiving message from renderer: 10.000
  (Session info: chrome=112.0.5615.87)
Build info: version: '4.7.2', revision: '4d4020c3b7'
System info: os.name: 'Windows 11', os.arch: 'amd64', os.version: '10.0', java.version: '17.0.5'
Driver info: org.openqa.selenium.chrome.ChromeDriver
Command: [ed2a77c54073b17b075aa21b3cba9550, clickElement {id=40faf6ca-54ca-4903-8668-2b32e9b81be0}]
Capabilities {acceptInsecureCerts: false, browserName: chrome, browserVersion: 112.0.5615.87, chrome: {chromedriverVersion: 112.0.5615.49 (bd2a7bcb881c..., userDataDir: C:\Users\RAFIAS~1\AppData\L...}, goog:chromeOptions: {debuggerAddress: localhost:56625}, networkConnectionEnabled: false, pageLoadStrategy: normal, platformName: WINDOWS, proxy: Proxy(), se:cdp: ws://localhost:56625/devtoo..., se:cdpVersion: 112.0.5615.87, setWindowRect: true, strictFileInteractability: false, timeouts: {implicit: 0, pageLoad: 300000, script: 30000}, unhandledPromptBehavior: dismiss and notify, webauthn:extension:credBlob: true, webauthn:extension:largeBlob: true, webauthn:extension:minPinLength: true, webauthn:extension:prf: true, webauthn:virtualAuthenticators: true}
Element: [[ChromeDriver: chrome on WINDOWS (ed2a77c54073b17b075aa21b3cba9550)] -> link text: Register]
Session ID: ed2a77c54073b17b075aa21b3cba9550
at java.base/jdk.internal.reflect.NativeConstructorAccessorImpl.newInstance0(Native Method)
at java.base/jdk.internal.reflect.NativeConstructorAccessorImpl.newInstance(NativeConstructorAccessorImpl.java:77)
at java.base/jdk.internal.reflect.DelegatingConstructorAccessorImpl.newInstance(DelegatingConstructorAccessorImpl.java:45)
at java.base/java.lang.reflect.Constructor.newInstanceWithCaller(Constructor.java:499)
at java.base/java.lang.reflect.Constructor.newInstance(Constructor.java:480)
at org.openqa.selenium.remote.codec.w3c.W3CHttpResponseCodec.createException(W3CHttpResponseCodec.java:200)
at org.openqa.selenium.remote.codec.w3c.W3CHttpResponseCodec.decode(W3CHttpResponseCodec.java:133)
at org.openqa.selenium.remote.codec.w3c.W3CHttpResponseCodec.decode(W3CHttpResponseCodec.java:53)
at org.openqa.selenium.remote.HttpCommandExecutor.execute(HttpCommandExecutor.java:184)
at org.openqa.selenium.remote.service.DriverCommandExecutor.invokeExecute(DriverCommandExecutor.java:167)
at org.openqa.selenium.remote.service.DriverCommandExecutor.execute(DriverCommandExecutor.java:142)
at org.openqa.selenium.remote.RemoteWebDriver.execute(RemoteWebDriver.java:535)
at org.openqa.selenium.remote.RemoteWebElement.execute(RemoteWebElement.java:257)
at org.openqa.selenium.remote.RemoteWebElement.click(RemoteWebElement.java:78)
at jdk.internal.reflect.GeneratedMethodAccessor1.invoke(Unknown Source)
at java.base/jdk.internal.reflect.DelegatingMethodAccessorImpl.invoke(DelegatingMethodAccessorImpl.java:43)
at java.base/java.lang.reflect.Method.invoke(Method.java:568)
at org.openqa.selenium.support.pagefactory.internal.LocatingElementHandler.invoke(LocatingElementHandler.java:52)
at jdk.proxy2/jdk.proxy2.$Proxy18.click(Unknown Source)
at com.tutorials.ninja.qa.testpages.LandingPage.clickOnRegisterLink(LandingPage.java:45)
at com.tutorials.ninja.qa.testcases.RegisterTest.setUp(RegisterTest.java:43)
at java.base/jdk.internal.reflect.NativeMethodAccessorImpl.invoke0(Native Method)
at java.base/jdk.internal.reflect.NativeMethodAccessorImpl.invoke(NativeMethodAccessorImpl.java:77)
at java.base/jdk.internal.reflect.DelegatingMethodAccessorImpl.invoke(DelegatingMethodAccessorImpl.java:43)
at java.base/java.lang.reflect.Method.invoke(Method.java:568)
at org.testng.internal.invokers.MethodInvocationHelper.invokeMethod(MethodInvocationHelper.java:139)
at org.testng.internal.invokers.MethodInvocationHelper.invokeMethodConsideringTimeout(MethodInvocationHelper.java:69)
at org.testng.internal.invokers.ConfigInvoker.invokeConfigurationMethod(ConfigInvoker.java:361)
at org.testng.internal.invokers.ConfigInvoker.invokeConfigurations(ConfigInvoker.java:296)
at org.testng.internal.invokers.TestInvoker.runConfigMethods(TestInvoker.java:823)
at org.testng.internal.invokers.TestInvoker.invokeMethod(TestInvoker.java:590)
at org.testng.internal.invokers.TestInvoker.invokeTestMethod(TestInvoker.java:221)
at org.testng.internal.invokers.MethodRunner.runInSequence(MethodRunner.java:50)
at org.testng.internal.invokers.TestInvoker$MethodInvocationAgent.invoke(TestInvoker.java:969)
at org.testng.internal.invokers.TestInvoker.invokeTestMethods(TestInvoker.java:194)
at org.testng.internal.invokers.TestMethodWorker.invokeTestMethods(TestMethodWorker.java:148)
at org.testng.internal.invokers.TestMethodWorker.run(TestMethodWorker.java:128)
at java.base/java.util.ArrayList.forEach(ArrayList.java:1511)
at org.testng.TestRunner.privateRun(TestRunner.java:829)
at org.testng.TestRunner.run(TestRunner.java:602)
at org.testng.SuiteRunner.runTest(SuiteRunner.java:437)
at org.testng.SuiteRunner.runSequentially(SuiteRunner.java:431)
at org.testng.SuiteRunner.privateRun(SuiteRunner.java:391)
at org.testng.SuiteRunner.run(SuiteRunner.java:330)
at org.testng.SuiteRunnerWorker.runSuite(SuiteRunnerWorker.java:52)
at org.testng.SuiteRunnerWorker.run(SuiteRunnerWorker.java:95)
at org.testng.TestNG.runSuitesSequentially(TestNG.java:1256)
at org.testng.TestNG.runSuitesLocally(TestNG.java:1176)
at org.testng.TestNG.runSuites(TestNG.java:1099)
at org.testng.TestNG.run(TestNG.java:1067)
at org.testng.remote.AbstractRemoteTestNG.run(AbstractRemoteTestNG.java:115)
at org.testng.remote.RemoteTestNG.initAndRun(RemoteTestNG.java:251)
at org.testng.remote.RemoteTestNG.main(RemoteTestNG.java:77)
]]>
            </full-stacktrace>
          </exception> <!-- org.openqa.selenium.TimeoutException -->
          <reporter-output>
          </reporter-output>
        </test-method> <!-- verifyNavigateTOcommandInRegisterPage -->
        <test-method signature="verifyNavigationFORWARDcommandInRegisterPage()[pri:29, instance:com.tutorials.ninja.qa.testcases.RegisterTest@7ae0a9ec]" started-at="2023-04-25T18:25:22 EDT" name="verifyNavigationFORWARDcommandInRegisterPage" finished-at="2023-04-25T18:25:22 EDT" duration-ms="0" status="SKIP">
          <exception class="org.openqa.selenium.TimeoutException">
            <message>
              <![CDATA[timeout: Timed out receiving message from renderer: 10.000
  (Session info: chrome=112.0.5615.87)
Build info: version: '4.7.2', revision: '4d4020c3b7'
System info: os.name: 'Windows 11', os.arch: 'amd64', os.version: '10.0', java.version: '17.0.5'
Driver info: org.openqa.selenium.chrome.ChromeDriver
Command: [ed2a77c54073b17b075aa21b3cba9550, clickElement {id=40faf6ca-54ca-4903-8668-2b32e9b81be0}]
Capabilities {acceptInsecureCerts: false, browserName: chrome, browserVersion: 112.0.5615.87, chrome: {chromedriverVersion: 112.0.5615.49 (bd2a7bcb881c..., userDataDir: C:\Users\RAFIAS~1\AppData\L...}, goog:chromeOptions: {debuggerAddress: localhost:56625}, networkConnectionEnabled: false, pageLoadStrategy: normal, platformName: WINDOWS, proxy: Proxy(), se:cdp: ws://localhost:56625/devtoo..., se:cdpVersion: 112.0.5615.87, setWindowRect: true, strictFileInteractability: false, timeouts: {implicit: 0, pageLoad: 300000, script: 30000}, unhandledPromptBehavior: dismiss and notify, webauthn:extension:credBlob: true, webauthn:extension:largeBlob: true, webauthn:extension:minPinLength: true, webauthn:extension:prf: true, webauthn:virtualAuthenticators: true}
Element: [[ChromeDriver: chrome on WINDOWS (ed2a77c54073b17b075aa21b3cba9550)] -> link text: Register]
Session ID: ed2a77c54073b17b075aa21b3cba9550]]>
            </message>
            <full-stacktrace>
              <![CDATA[org.openqa.selenium.TimeoutException: timeout: Timed out receiving message from renderer: 10.000
  (Session info: chrome=112.0.5615.87)
Build info: version: '4.7.2', revision: '4d4020c3b7'
System info: os.name: 'Windows 11', os.arch: 'amd64', os.version: '10.0', java.version: '17.0.5'
Driver info: org.openqa.selenium.chrome.ChromeDriver
Command: [ed2a77c54073b17b075aa21b3cba9550, clickElement {id=40faf6ca-54ca-4903-8668-2b32e9b81be0}]
Capabilities {acceptInsecureCerts: false, browserName: chrome, browserVersion: 112.0.5615.87, chrome: {chromedriverVersion: 112.0.5615.49 (bd2a7bcb881c..., userDataDir: C:\Users\RAFIAS~1\AppData\L...}, goog:chromeOptions: {debuggerAddress: localhost:56625}, networkConnectionEnabled: false, pageLoadStrategy: normal, platformName: WINDOWS, proxy: Proxy(), se:cdp: ws://localhost:56625/devtoo..., se:cdpVersion: 112.0.5615.87, setWindowRect: true, strictFileInteractability: false, timeouts: {implicit: 0, pageLoad: 300000, script: 30000}, unhandledPromptBehavior: dismiss and notify, webauthn:extension:credBlob: true, webauthn:extension:largeBlob: true, webauthn:extension:minPinLength: true, webauthn:extension:prf: true, webauthn:virtualAuthenticators: true}
Element: [[ChromeDriver: chrome on WINDOWS (ed2a77c54073b17b075aa21b3cba9550)] -> link text: Register]
Session ID: ed2a77c54073b17b075aa21b3cba9550
at java.base/jdk.internal.reflect.NativeConstructorAccessorImpl.newInstance0(Native Method)
at java.base/jdk.internal.reflect.NativeConstructorAccessorImpl.newInstance(NativeConstructorAccessorImpl.java:77)
at java.base/jdk.internal.reflect.DelegatingConstructorAccessorImpl.newInstance(DelegatingConstructorAccessorImpl.java:45)
at java.base/java.lang.reflect.Constructor.newInstanceWithCaller(Constructor.java:499)
at java.base/java.lang.reflect.Constructor.newInstance(Constructor.java:480)
at org.openqa.selenium.remote.codec.w3c.W3CHttpResponseCodec.createException(W3CHttpResponseCodec.java:200)
at org.openqa.selenium.remote.codec.w3c.W3CHttpResponseCodec.decode(W3CHttpResponseCodec.java:133)
at org.openqa.selenium.remote.codec.w3c.W3CHttpResponseCodec.decode(W3CHttpResponseCodec.java:53)
at org.openqa.selenium.remote.HttpCommandExecutor.execute(HttpCommandExecutor.java:184)
at org.openqa.selenium.remote.service.DriverCommandExecutor.invokeExecute(DriverCommandExecutor.java:167)
at org.openqa.selenium.remote.service.DriverCommandExecutor.execute(DriverCommandExecutor.java:142)
at org.openqa.selenium.remote.RemoteWebDriver.execute(RemoteWebDriver.java:535)
at org.openqa.selenium.remote.RemoteWebElement.execute(RemoteWebElement.java:257)
at org.openqa.selenium.remote.RemoteWebElement.click(RemoteWebElement.java:78)
at jdk.internal.reflect.GeneratedMethodAccessor1.invoke(Unknown Source)
at java.base/jdk.internal.reflect.DelegatingMethodAccessorImpl.invoke(DelegatingMethodAccessorImpl.java:43)
at java.base/java.lang.reflect.Method.invoke(Method.java:568)
at org.openqa.selenium.support.pagefactory.internal.LocatingElementHandler.invoke(LocatingElementHandler.java:52)
at jdk.proxy2/jdk.proxy2.$Proxy18.click(Unknown Source)
at com.tutorials.ninja.qa.testpages.LandingPage.clickOnRegisterLink(LandingPage.java:45)
at com.tutorials.ninja.qa.testcases.RegisterTest.setUp(RegisterTest.java:43)
at java.base/jdk.internal.reflect.NativeMethodAccessorImpl.invoke0(Native Method)
at java.base/jdk.internal.reflect.NativeMethodAccessorImpl.invoke(NativeMethodAccessorImpl.java:77)
at java.base/jdk.internal.reflect.DelegatingMethodAccessorImpl.invoke(DelegatingMethodAccessorImpl.java:43)
at java.base/java.lang.reflect.Method.invoke(Method.java:568)
at org.testng.internal.invokers.MethodInvocationHelper.invokeMethod(MethodInvocationHelper.java:139)
at org.testng.internal.invokers.MethodInvocationHelper.invokeMethodConsideringTimeout(MethodInvocationHelper.java:69)
at org.testng.internal.invokers.ConfigInvoker.invokeConfigurationMethod(ConfigInvoker.java:361)
at org.testng.internal.invokers.ConfigInvoker.invokeConfigurations(ConfigInvoker.java:296)
at org.testng.internal.invokers.TestInvoker.runConfigMethods(TestInvoker.java:823)
at org.testng.internal.invokers.TestInvoker.invokeMethod(TestInvoker.java:590)
at org.testng.internal.invokers.TestInvoker.invokeTestMethod(TestInvoker.java:221)
at org.testng.internal.invokers.MethodRunner.runInSequence(MethodRunner.java:50)
at org.testng.internal.invokers.TestInvoker$MethodInvocationAgent.invoke(TestInvoker.java:969)
at org.testng.internal.invokers.TestInvoker.invokeTestMethods(TestInvoker.java:194)
at org.testng.internal.invokers.TestMethodWorker.invokeTestMethods(TestMethodWorker.java:148)
at org.testng.internal.invokers.TestMethodWorker.run(TestMethodWorker.java:128)
at java.base/java.util.ArrayList.forEach(ArrayList.java:1511)
at org.testng.TestRunner.privateRun(TestRunner.java:829)
at org.testng.TestRunner.run(TestRunner.java:602)
at org.testng.SuiteRunner.runTest(SuiteRunner.java:437)
at org.testng.SuiteRunner.runSequentially(SuiteRunner.java:431)
at org.testng.SuiteRunner.privateRun(SuiteRunner.java:391)
at org.testng.SuiteRunner.run(SuiteRunner.java:330)
at org.testng.SuiteRunnerWorker.runSuite(SuiteRunnerWorker.java:52)
at org.testng.SuiteRunnerWorker.run(SuiteRunnerWorker.java:95)
at org.testng.TestNG.runSuitesSequentially(TestNG.java:1256)
at org.testng.TestNG.runSuitesLocally(TestNG.java:1176)
at org.testng.TestNG.runSuites(TestNG.java:1099)
at org.testng.TestNG.run(TestNG.java:1067)
at org.testng.remote.AbstractRemoteTestNG.run(AbstractRemoteTestNG.java:115)
at org.testng.remote.RemoteTestNG.initAndRun(RemoteTestNG.java:251)
at org.testng.remote.RemoteTestNG.main(RemoteTestNG.java:77)
]]>
            </full-stacktrace>
          </exception> <!-- org.openqa.selenium.TimeoutException -->
          <reporter-output>
          </reporter-output>
        </test-method> <!-- verifyNavigationFORWARDcommandInRegisterPage -->
        <test-method is-config="true" signature="setUp()[pri:0, instance:com.tutorials.ninja.qa.testcases.RegisterTest@7ae0a9ec]" started-at="2023-04-25T18:25:22 EDT" name="setUp" finished-at="2023-04-25T18:25:22 EDT" duration-ms="0" status="SKIP">
          <reporter-output>
          </reporter-output>
        </test-method> <!-- setUp -->
        <test-method is-config="true" signature="tearDown()[pri:0, instance:com.tutorials.ninja.qa.testcases.RegisterTest@7ae0a9ec]" started-at="2023-04-25T18:25:22 EDT" name="tearDown" finished-at="2023-04-25T18:25:22 EDT" duration-ms="0" status="SKIP">
          <reporter-output>
          </reporter-output>
        </test-method> <!-- tearDown -->
        <test-method is-config="true" signature="setUp()[pri:0, instance:com.tutorials.ninja.qa.testcases.RegisterTest@7ae0a9ec]" started-at="2023-04-25T18:25:22 EDT" name="setUp" finished-at="2023-04-25T18:25:22 EDT" duration-ms="0" status="SKIP">
          <reporter-output>
          </reporter-output>
        </test-method> <!-- setUp -->
        <test-method is-config="true" signature="setUp()[pri:0, instance:com.tutorials.ninja.qa.testcases.RegisterTest@7ae0a9ec]" started-at="2023-04-25T18:25:22 EDT" name="setUp" finished-at="2023-04-25T18:25:22 EDT" duration-ms="0" status="SKIP">
          <reporter-output>
          </reporter-output>
        </test-method> <!-- setUp -->
        <test-method is-config="true" signature="tearDown()[pri:0, instance:com.tutorials.ninja.qa.testcases.RegisterTest@7ae0a9ec]" started-at="2023-04-25T18:25:22 EDT" name="tearDown" finished-at="2023-04-25T18:25:22 EDT" duration-ms="0" status="SKIP">
          <reporter-output>
          </reporter-output>
        </test-method> <!-- tearDown -->
        <test-method is-config="true" signature="tearDown()[pri:0, instance:com.tutorials.ninja.qa.testcases.RegisterTest@7ae0a9ec]" started-at="2023-04-25T18:25:22 EDT" name="tearDown" finished-at="2023-04-25T18:25:22 EDT" duration-ms="0" status="SKIP">
          <reporter-output>
          </reporter-output>
        </test-method> <!-- tearDown -->
        <test-method is-config="true" signature="setUp()[pri:0, instance:com.tutorials.ninja.qa.testcases.RegisterTest@7ae0a9ec]" started-at="2023-04-25T18:25:22 EDT" name="setUp" finished-at="2023-04-25T18:25:22 EDT" duration-ms="0" status="SKIP">
          <reporter-output>
          </reporter-output>
        </test-method> <!-- setUp -->
        <test-method is-config="true" signature="tearDown()[pri:0, instance:com.tutorials.ninja.qa.testcases.RegisterTest@7ae0a9ec]" started-at="2023-04-25T18:25:22 EDT" name="tearDown" finished-at="2023-04-25T18:25:22 EDT" duration-ms="0" status="SKIP">
          <reporter-output>
          </reporter-output>
        </test-method> <!-- tearDown -->
        <test-method is-config="true" signature="tearDown()[pri:0, instance:com.tutorials.ninja.qa.testcases.RegisterTest@7ae0a9ec]" started-at="2023-04-25T18:25:22 EDT" name="tearDown" finished-at="2023-04-25T18:25:22 EDT" duration-ms="0" status="SKIP">
          <reporter-output>
          </reporter-output>
        </test-method> <!-- tearDown -->
        <test-method is-config="true" signature="tearDown()[pri:0, instance:com.tutorials.ninja.qa.testcases.RegisterTest@7ae0a9ec]" started-at="2023-04-25T18:25:22 EDT" name="tearDown" finished-at="2023-04-25T18:25:22 EDT" duration-ms="0" status="SKIP">
          <reporter-output>
          </reporter-output>
        </test-method> <!-- tearDown -->
        <test-method is-config="true" signature="setUp()[pri:0, instance:com.tutorials.ninja.qa.testcases.RegisterTest@7ae0a9ec]" started-at="2023-04-25T18:25:22 EDT" name="setUp" finished-at="2023-04-25T18:25:22 EDT" duration-ms="0" status="SKIP">
          <reporter-output>
          </reporter-output>
        </test-method> <!-- setUp -->
      </class> <!-- com.tutorials.ninja.qa.testcases.RegisterTest -->
    </test> <!-- TutorialsNinja Tests -->
  </suite> <!-- TutorialsNinja Automation Suite -->
</testng-results>
